{
  "stats": {
    "suites": 1,
    "tests": 6,
    "passes": 6,
    "pending": 0,
    "failures": 0,
    "start": "2023-06-13T15:03:12.114Z",
    "end": "2023-06-13T15:03:32.510Z",
    "duration": 20396,
    "testsRegistered": 6,
    "passPercent": 100,
    "pendingPercent": 0,
    "other": 0,
    "hasOther": false,
    "skipped": 0,
    "hasSkipped": false
  },
  "results": [
    {
      "uuid": "b34082c7-2513-4bf5-9be1-97b650c0c8ee",
      "title": "",
      "fullFile": "cypress\\e2e\\monitor-main.cy.ts",
      "file": "cypress\\e2e\\monitor-main.cy.ts",
      "beforeHooks": [],
      "afterHooks": [],
      "tests": [],
      "suites": [
        {
          "uuid": "939b3e9a-c187-44ce-b385-9dded353aaf3",
          "title": "Test body of generic websites",
          "fullFile": "",
          "file": "",
          "beforeHooks": [],
          "afterHooks": [],
          "tests": [
            {
              "title": "opens https://sep.energyapps.ch",
              "fullTitle": "Test body of generic websites opens https://sep.energyapps.ch",
              "timedOut": null,
              "duration": 991,
              "state": "passed",
              "speed": "fast",
              "pass": true,
              "fail": false,
              "pending": false,
              "context": null,
              "code": "Cypress.config('defaultCommandTimeout', 10 * 1000);\ntestUrl(urlElement);",
              "err": {},
              "uuid": "56e1fa63-7178-434a-b7d4-e5e367afe522",
              "parentUUID": "939b3e9a-c187-44ce-b385-9dded353aaf3",
              "isHook": false,
              "skipped": false
            },
            {
              "title": "opens https://www.geoimpact.ch",
              "fullTitle": "Test body of generic websites opens https://www.geoimpact.ch",
              "timedOut": null,
              "duration": 1232,
              "state": "passed",
              "speed": "fast",
              "pass": true,
              "fail": false,
              "pending": false,
              "context": null,
              "code": "Cypress.config('defaultCommandTimeout', 10 * 1000);\ntestUrl(urlElement);",
              "err": {},
              "uuid": "91bb0435-6980-49cb-b393-63f3d0cc4b01",
              "parentUUID": "939b3e9a-c187-44ce-b385-9dded353aaf3",
              "isHook": false,
              "skipped": false
            },
            {
              "title": "opens https://www.swissenergyplanning.ch",
              "fullTitle": "Test body of generic websites opens https://www.swissenergyplanning.ch",
              "timedOut": null,
              "duration": 2118,
              "state": "passed",
              "speed": "fast",
              "pass": true,
              "fail": false,
              "pending": false,
              "context": null,
              "code": "Cypress.config('defaultCommandTimeout', 10 * 1000);\ntestUrl(urlElement);",
              "err": {},
              "uuid": "1c407679-3ba9-4809-9576-8806e2145514",
              "parentUUID": "939b3e9a-c187-44ce-b385-9dded353aaf3",
              "isHook": false,
              "skipped": false
            },
            {
              "title": "opens https://reporterenergie.ch/",
              "fullTitle": "Test body of generic websites opens https://reporterenergie.ch/",
              "timedOut": null,
              "duration": 2836,
              "state": "passed",
              "speed": "fast",
              "pass": true,
              "fail": false,
              "pending": false,
              "context": null,
              "code": "Cypress.config('defaultCommandTimeout', 10 * 1000);\ntestUrl(urlElement);",
              "err": {},
              "uuid": "5192fb11-2be7-43ef-a60b-157b31340c7e",
              "parentUUID": "939b3e9a-c187-44ce-b385-9dded353aaf3",
              "isHook": false,
              "skipped": false
            },
            {
              "title": "opens https://reporterenergetico.ch/",
              "fullTitle": "Test body of generic websites opens https://reporterenergetico.ch/",
              "timedOut": null,
              "duration": 724,
              "state": "passed",
              "speed": "fast",
              "pass": true,
              "fail": false,
              "pending": false,
              "context": null,
              "code": "Cypress.config('defaultCommandTimeout', 10 * 1000);\ntestUrl(urlElement);",
              "err": {},
              "uuid": "742a76c5-93b3-40cf-aec3-6ce2c1ae3632",
              "parentUUID": "939b3e9a-c187-44ce-b385-9dded353aaf3",
              "isHook": false,
              "skipped": false
            },
            {
              "title": "opens https://energiereporter.ch/",
              "fullTitle": "Test body of generic websites opens https://energiereporter.ch/",
              "timedOut": null,
              "duration": 706,
              "state": "passed",
              "speed": "fast",
              "pass": true,
              "fail": false,
              "pending": false,
              "context": null,
              "code": "Cypress.config('defaultCommandTimeout', 10 * 1000);\ntestUrl(urlElement);",
              "err": {},
              "uuid": "4af7b382-ddbc-4687-a7bb-eb58bdd0502d",
              "parentUUID": "939b3e9a-c187-44ce-b385-9dded353aaf3",
              "isHook": false,
              "skipped": false
            }
          ],
          "suites": [],
          "passes": [
            "56e1fa63-7178-434a-b7d4-e5e367afe522",
            "91bb0435-6980-49cb-b393-63f3d0cc4b01",
            "1c407679-3ba9-4809-9576-8806e2145514",
            "5192fb11-2be7-43ef-a60b-157b31340c7e",
            "742a76c5-93b3-40cf-aec3-6ce2c1ae3632",
            "4af7b382-ddbc-4687-a7bb-eb58bdd0502d"
          ],
          "failures": [],
          "pending": [],
          "skipped": [],
          "duration": 8607,
          "root": false,
          "rootEmpty": false,
          "_timeout": 2000
        }
      ],
      "passes": [],
      "failures": [],
      "pending": [],
      "skipped": [],
      "duration": 0,
      "root": true,
      "rootEmpty": true,
      "_timeout": 2000
    }
  ],
  "meta": {
    "mocha": {
      "version": "7.0.1"
    },
    "mochawesome": {
      "options": {
        "quiet": false,
        "reportFilename": "index",
        "saveHtml": true,
        "saveJson": true,
        "consoleReporter": "spec",
        "useInlineDiffs": false,
        "code": true
      },
      "version": "7.1.3"
    },
    "marge": {
      "options": {
        "reportDir": "cypress/results",
        "overwrite": true,
        "html": true,
        "json": true,
        "video": false,
        "reportFilename": "index",
        "exit": false
      },
      "version": "6.2.0"
    }
  }
}