{
  "stats": {
    "suites": 2,
    "tests": 27,
    "passes": 27,
    "pending": 0,
    "failures": 0,
    "testsRegistered": 27,
    "passPercent": 100,
    "pendingPercent": 0,
    "other": 0,
    "hasOther": false,
    "skipped": 0,
    "hasSkipped": false,
    "start": "2023-06-20T09:45:20.489Z",
    "end": "2023-06-20T09:46:38.786Z",
    "duration": 78297
  },
  "results": [
    {
      "uuid": "f6cd037b-bccf-4e88-b6db-2f64d1e2e01e",
      "title": "",
      "fullFile": "cypress\\e2e\\monitor-main.cy.ts",
      "file": "cypress\\e2e\\monitor-main.cy.ts",
      "beforeHooks": [],
      "afterHooks": [],
      "tests": [],
      "suites": [
        {
          "uuid": "13e4e5ac-b5d1-499b-bf45-7254e145c1d1",
          "title": "Test body of generic websites",
          "fullFile": "",
          "file": "",
          "beforeHooks": [],
          "afterHooks": [],
          "tests": [
            {
              "title": "opens https://sep.energyapps.ch",
              "fullTitle": "Test body of generic websites opens https://sep.energyapps.ch",
              "timedOut": null,
              "duration": 1120,
              "state": "passed",
              "speed": "fast",
              "pass": true,
              "fail": false,
              "pending": false,
              "context": null,
              "code": "testUrl(urlElement);",
              "err": {},
              "uuid": "45f817cf-b68b-4ce1-9e72-09d44b74b6ec",
              "parentUUID": "13e4e5ac-b5d1-499b-bf45-7254e145c1d1",
              "isHook": false,
              "skipped": false
            },
            {
              "title": "opens https://www.geoimpact.ch",
              "fullTitle": "Test body of generic websites opens https://www.geoimpact.ch",
              "timedOut": null,
              "duration": 1309,
              "state": "passed",
              "speed": "fast",
              "pass": true,
              "fail": false,
              "pending": false,
              "context": null,
              "code": "testUrl(urlElement);",
              "err": {},
              "uuid": "5effe4d0-51f8-43b6-af78-738a217e7b04",
              "parentUUID": "13e4e5ac-b5d1-499b-bf45-7254e145c1d1",
              "isHook": false,
              "skipped": false
            },
            {
              "title": "opens https://www.swissenergyplanning.ch",
              "fullTitle": "Test body of generic websites opens https://www.swissenergyplanning.ch",
              "timedOut": null,
              "duration": 2346,
              "state": "passed",
              "speed": "fast",
              "pass": true,
              "fail": false,
              "pending": false,
              "context": null,
              "code": "testUrl(urlElement);",
              "err": {},
              "uuid": "76129604-004f-4d65-bb83-70c6c9f06bc2",
              "parentUUID": "13e4e5ac-b5d1-499b-bf45-7254e145c1d1",
              "isHook": false,
              "skipped": false
            },
            {
              "title": "opens https://reporterenergie.ch/",
              "fullTitle": "Test body of generic websites opens https://reporterenergie.ch/",
              "timedOut": null,
              "duration": 1266,
              "state": "passed",
              "speed": "fast",
              "pass": true,
              "fail": false,
              "pending": false,
              "context": null,
              "code": "testUrl(urlElement);",
              "err": {},
              "uuid": "7b73d558-e945-4369-8d82-6639254b005d",
              "parentUUID": "13e4e5ac-b5d1-499b-bf45-7254e145c1d1",
              "isHook": false,
              "skipped": false
            },
            {
              "title": "opens https://reporterenergetico.ch/",
              "fullTitle": "Test body of generic websites opens https://reporterenergetico.ch/",
              "timedOut": null,
              "duration": 1517,
              "state": "passed",
              "speed": "fast",
              "pass": true,
              "fail": false,
              "pending": false,
              "context": null,
              "code": "testUrl(urlElement);",
              "err": {},
              "uuid": "24ff1d74-dc3c-4c8f-aadb-0e1325505fdc",
              "parentUUID": "13e4e5ac-b5d1-499b-bf45-7254e145c1d1",
              "isHook": false,
              "skipped": false
            },
            {
              "title": "opens https://energiereporter.ch/",
              "fullTitle": "Test body of generic websites opens https://energiereporter.ch/",
              "timedOut": null,
              "duration": 3629,
              "state": "passed",
              "speed": "fast",
              "pass": true,
              "fail": false,
              "pending": false,
              "context": null,
              "code": "testUrl(urlElement);",
              "err": {},
              "uuid": "7e10c033-763e-434f-9790-1f0d73e1aa73",
              "parentUUID": "13e4e5ac-b5d1-499b-bf45-7254e145c1d1",
              "isHook": false,
              "skipped": false
            }
          ],
          "suites": [],
          "passes": [
            "45f817cf-b68b-4ce1-9e72-09d44b74b6ec",
            "5effe4d0-51f8-43b6-af78-738a217e7b04",
            "76129604-004f-4d65-bb83-70c6c9f06bc2",
            "7b73d558-e945-4369-8d82-6639254b005d",
            "24ff1d74-dc3c-4c8f-aadb-0e1325505fdc",
            "7e10c033-763e-434f-9790-1f0d73e1aa73"
          ],
          "failures": [],
          "pending": [],
          "skipped": [],
          "duration": 11187,
          "root": false,
          "rootEmpty": false,
          "_timeout": 2000
        }
      ],
      "passes": [],
      "failures": [],
      "pending": [],
      "skipped": [],
      "duration": 0,
      "root": true,
      "rootEmpty": true,
      "_timeout": 2000
    },
    {
      "uuid": "5059aac2-2576-4727-9b56-4f70d8ede0d5",
      "title": "",
      "fullFile": "cypress\\e2e\\monitor-energyportals.cy.ts",
      "file": "cypress\\e2e\\monitor-energyportals.cy.ts",
      "beforeHooks": [],
      "afterHooks": [],
      "tests": [],
      "suites": [
        {
          "uuid": "4de3b090-df68-462f-b065-2ccceeffe03e",
          "title": "Tests all the unarchived energy portals",
          "fullFile": "",
          "file": "",
          "beforeHooks": [],
          "afterHooks": [],
          "tests": [
            {
              "title": "opens energy portal \"oensingen\" in de-CH",
              "fullTitle": "Tests all the unarchived energy portals opens energy portal \"oensingen\" in de-CH",
              "timedOut": null,
              "duration": 3817,
              "state": "passed",
              "speed": "fast",
              "pass": true,
              "fail": false,
              "pending": false,
              "context": null,
              "code": "var url = \"https://energieportal.energyapps.ch/ep/\".concat(item.slug, \"?lng=\").concat(language);\nconsole.log(\"Testing Energyportal \".concat(url));\ncy.visit(url);\ncy.get(\"body\").should(\"exist\");\ncy.get(\"#sep-map\").should(\"exist\");\ncy.get(\"#sep-core\").should(\"exist\");\ncy.get(\"#object-address-autocomplete\").should(\"exist\");\ncy.get(\"#sep-contact-form\").should(\"exist\");\n// check if the map has been loaded in the correct language based on map attributions\nif (language === \"de-CH\") {\n    cy.get(\".leaflet-control-attribution\").should(\"contain\", \"Amtliche Vermessung Schweiz / FL\");\n}\nif (language === \"fr-CH\") {\n    cy.get(\".leaflet-control-attribution\").should(\"contain\", \"Mensuration Officielle Suisse / FL\");\n}\nif (language === \"it-CH\") {\n    cy.get(\".leaflet-control-attribution\").should(\"contain\", \"Misurazione Ufficiale Svizzera / FL\");\n}",
              "err": {},
              "uuid": "abe4cefd-860c-466d-bcbb-36ba344779be",
              "parentUUID": "4de3b090-df68-462f-b065-2ccceeffe03e",
              "isHook": false,
              "skipped": false
            },
            {
              "title": "opens energy portal \"oensingen\" in fr-CH",
              "fullTitle": "Tests all the unarchived energy portals opens energy portal \"oensingen\" in fr-CH",
              "timedOut": null,
              "duration": 1970,
              "state": "passed",
              "speed": "fast",
              "pass": true,
              "fail": false,
              "pending": false,
              "context": null,
              "code": "var url = \"https://energieportal.energyapps.ch/ep/\".concat(item.slug, \"?lng=\").concat(language);\nconsole.log(\"Testing Energyportal \".concat(url));\ncy.visit(url);\ncy.get(\"body\").should(\"exist\");\ncy.get(\"#sep-map\").should(\"exist\");\ncy.get(\"#sep-core\").should(\"exist\");\ncy.get(\"#object-address-autocomplete\").should(\"exist\");\ncy.get(\"#sep-contact-form\").should(\"exist\");\n// check if the map has been loaded in the correct language based on map attributions\nif (language === \"de-CH\") {\n    cy.get(\".leaflet-control-attribution\").should(\"contain\", \"Amtliche Vermessung Schweiz / FL\");\n}\nif (language === \"fr-CH\") {\n    cy.get(\".leaflet-control-attribution\").should(\"contain\", \"Mensuration Officielle Suisse / FL\");\n}\nif (language === \"it-CH\") {\n    cy.get(\".leaflet-control-attribution\").should(\"contain\", \"Misurazione Ufficiale Svizzera / FL\");\n}",
              "err": {},
              "uuid": "c5cac6ad-2544-4809-b59f-01ffc8244c0c",
              "parentUUID": "4de3b090-df68-462f-b065-2ccceeffe03e",
              "isHook": false,
              "skipped": false
            },
            {
              "title": "opens energy portal \"oensingen\" in it-CH",
              "fullTitle": "Tests all the unarchived energy portals opens energy portal \"oensingen\" in it-CH",
              "timedOut": null,
              "duration": 1473,
              "state": "passed",
              "speed": "fast",
              "pass": true,
              "fail": false,
              "pending": false,
              "context": null,
              "code": "var url = \"https://energieportal.energyapps.ch/ep/\".concat(item.slug, \"?lng=\").concat(language);\nconsole.log(\"Testing Energyportal \".concat(url));\ncy.visit(url);\ncy.get(\"body\").should(\"exist\");\ncy.get(\"#sep-map\").should(\"exist\");\ncy.get(\"#sep-core\").should(\"exist\");\ncy.get(\"#object-address-autocomplete\").should(\"exist\");\ncy.get(\"#sep-contact-form\").should(\"exist\");\n// check if the map has been loaded in the correct language based on map attributions\nif (language === \"de-CH\") {\n    cy.get(\".leaflet-control-attribution\").should(\"contain\", \"Amtliche Vermessung Schweiz / FL\");\n}\nif (language === \"fr-CH\") {\n    cy.get(\".leaflet-control-attribution\").should(\"contain\", \"Mensuration Officielle Suisse / FL\");\n}\nif (language === \"it-CH\") {\n    cy.get(\".leaflet-control-attribution\").should(\"contain\", \"Misurazione Ufficiale Svizzera / FL\");\n}",
              "err": {},
              "uuid": "b4b7b001-2bef-4143-a449-f54328c856d8",
              "parentUUID": "4de3b090-df68-462f-b065-2ccceeffe03e",
              "isHook": false,
              "skipped": false
            },
            {
              "title": "opens energy portal \"hautesorne\" in de-CH",
              "fullTitle": "Tests all the unarchived energy portals opens energy portal \"hautesorne\" in de-CH",
              "timedOut": null,
              "duration": 1502,
              "state": "passed",
              "speed": "fast",
              "pass": true,
              "fail": false,
              "pending": false,
              "context": null,
              "code": "var url = \"https://energieportal.energyapps.ch/ep/\".concat(item.slug, \"?lng=\").concat(language);\nconsole.log(\"Testing Energyportal \".concat(url));\ncy.visit(url);\ncy.get(\"body\").should(\"exist\");\ncy.get(\"#sep-map\").should(\"exist\");\ncy.get(\"#sep-core\").should(\"exist\");\ncy.get(\"#object-address-autocomplete\").should(\"exist\");\ncy.get(\"#sep-contact-form\").should(\"exist\");\n// check if the map has been loaded in the correct language based on map attributions\nif (language === \"de-CH\") {\n    cy.get(\".leaflet-control-attribution\").should(\"contain\", \"Amtliche Vermessung Schweiz / FL\");\n}\nif (language === \"fr-CH\") {\n    cy.get(\".leaflet-control-attribution\").should(\"contain\", \"Mensuration Officielle Suisse / FL\");\n}\nif (language === \"it-CH\") {\n    cy.get(\".leaflet-control-attribution\").should(\"contain\", \"Misurazione Ufficiale Svizzera / FL\");\n}",
              "err": {},
              "uuid": "afbffdb0-f276-4e35-9d64-06f71bc49e6c",
              "parentUUID": "4de3b090-df68-462f-b065-2ccceeffe03e",
              "isHook": false,
              "skipped": false
            },
            {
              "title": "opens energy portal \"hautesorne\" in fr-CH",
              "fullTitle": "Tests all the unarchived energy portals opens energy portal \"hautesorne\" in fr-CH",
              "timedOut": null,
              "duration": 2052,
              "state": "passed",
              "speed": "fast",
              "pass": true,
              "fail": false,
              "pending": false,
              "context": null,
              "code": "var url = \"https://energieportal.energyapps.ch/ep/\".concat(item.slug, \"?lng=\").concat(language);\nconsole.log(\"Testing Energyportal \".concat(url));\ncy.visit(url);\ncy.get(\"body\").should(\"exist\");\ncy.get(\"#sep-map\").should(\"exist\");\ncy.get(\"#sep-core\").should(\"exist\");\ncy.get(\"#object-address-autocomplete\").should(\"exist\");\ncy.get(\"#sep-contact-form\").should(\"exist\");\n// check if the map has been loaded in the correct language based on map attributions\nif (language === \"de-CH\") {\n    cy.get(\".leaflet-control-attribution\").should(\"contain\", \"Amtliche Vermessung Schweiz / FL\");\n}\nif (language === \"fr-CH\") {\n    cy.get(\".leaflet-control-attribution\").should(\"contain\", \"Mensuration Officielle Suisse / FL\");\n}\nif (language === \"it-CH\") {\n    cy.get(\".leaflet-control-attribution\").should(\"contain\", \"Misurazione Ufficiale Svizzera / FL\");\n}",
              "err": {},
              "uuid": "0cff9a9d-8585-451d-8485-178c11e43065",
              "parentUUID": "4de3b090-df68-462f-b065-2ccceeffe03e",
              "isHook": false,
              "skipped": false
            },
            {
              "title": "opens energy portal \"hautesorne\" in it-CH",
              "fullTitle": "Tests all the unarchived energy portals opens energy portal \"hautesorne\" in it-CH",
              "timedOut": null,
              "duration": 1741,
              "state": "passed",
              "speed": "fast",
              "pass": true,
              "fail": false,
              "pending": false,
              "context": null,
              "code": "var url = \"https://energieportal.energyapps.ch/ep/\".concat(item.slug, \"?lng=\").concat(language);\nconsole.log(\"Testing Energyportal \".concat(url));\ncy.visit(url);\ncy.get(\"body\").should(\"exist\");\ncy.get(\"#sep-map\").should(\"exist\");\ncy.get(\"#sep-core\").should(\"exist\");\ncy.get(\"#object-address-autocomplete\").should(\"exist\");\ncy.get(\"#sep-contact-form\").should(\"exist\");\n// check if the map has been loaded in the correct language based on map attributions\nif (language === \"de-CH\") {\n    cy.get(\".leaflet-control-attribution\").should(\"contain\", \"Amtliche Vermessung Schweiz / FL\");\n}\nif (language === \"fr-CH\") {\n    cy.get(\".leaflet-control-attribution\").should(\"contain\", \"Mensuration Officielle Suisse / FL\");\n}\nif (language === \"it-CH\") {\n    cy.get(\".leaflet-control-attribution\").should(\"contain\", \"Misurazione Ufficiale Svizzera / FL\");\n}",
              "err": {},
              "uuid": "a96ac1a0-2f7d-4572-8035-412ec9e7e676",
              "parentUUID": "4de3b090-df68-462f-b065-2ccceeffe03e",
              "isHook": false,
              "skipped": false
            },
            {
              "title": "opens energy portal \"bernex\" in de-CH",
              "fullTitle": "Tests all the unarchived energy portals opens energy portal \"bernex\" in de-CH",
              "timedOut": null,
              "duration": 1908,
              "state": "passed",
              "speed": "fast",
              "pass": true,
              "fail": false,
              "pending": false,
              "context": null,
              "code": "var url = \"https://energieportal.energyapps.ch/ep/\".concat(item.slug, \"?lng=\").concat(language);\nconsole.log(\"Testing Energyportal \".concat(url));\ncy.visit(url);\ncy.get(\"body\").should(\"exist\");\ncy.get(\"#sep-map\").should(\"exist\");\ncy.get(\"#sep-core\").should(\"exist\");\ncy.get(\"#object-address-autocomplete\").should(\"exist\");\ncy.get(\"#sep-contact-form\").should(\"exist\");\n// check if the map has been loaded in the correct language based on map attributions\nif (language === \"de-CH\") {\n    cy.get(\".leaflet-control-attribution\").should(\"contain\", \"Amtliche Vermessung Schweiz / FL\");\n}\nif (language === \"fr-CH\") {\n    cy.get(\".leaflet-control-attribution\").should(\"contain\", \"Mensuration Officielle Suisse / FL\");\n}\nif (language === \"it-CH\") {\n    cy.get(\".leaflet-control-attribution\").should(\"contain\", \"Misurazione Ufficiale Svizzera / FL\");\n}",
              "err": {},
              "uuid": "d195bfae-6136-449d-9a21-c97d1282016e",
              "parentUUID": "4de3b090-df68-462f-b065-2ccceeffe03e",
              "isHook": false,
              "skipped": false
            },
            {
              "title": "opens energy portal \"bernex\" in fr-CH",
              "fullTitle": "Tests all the unarchived energy portals opens energy portal \"bernex\" in fr-CH",
              "timedOut": null,
              "duration": 2039,
              "state": "passed",
              "speed": "fast",
              "pass": true,
              "fail": false,
              "pending": false,
              "context": null,
              "code": "var url = \"https://energieportal.energyapps.ch/ep/\".concat(item.slug, \"?lng=\").concat(language);\nconsole.log(\"Testing Energyportal \".concat(url));\ncy.visit(url);\ncy.get(\"body\").should(\"exist\");\ncy.get(\"#sep-map\").should(\"exist\");\ncy.get(\"#sep-core\").should(\"exist\");\ncy.get(\"#object-address-autocomplete\").should(\"exist\");\ncy.get(\"#sep-contact-form\").should(\"exist\");\n// check if the map has been loaded in the correct language based on map attributions\nif (language === \"de-CH\") {\n    cy.get(\".leaflet-control-attribution\").should(\"contain\", \"Amtliche Vermessung Schweiz / FL\");\n}\nif (language === \"fr-CH\") {\n    cy.get(\".leaflet-control-attribution\").should(\"contain\", \"Mensuration Officielle Suisse / FL\");\n}\nif (language === \"it-CH\") {\n    cy.get(\".leaflet-control-attribution\").should(\"contain\", \"Misurazione Ufficiale Svizzera / FL\");\n}",
              "err": {},
              "uuid": "85c95b3a-8f77-4aca-bbe9-f5e464d56f14",
              "parentUUID": "4de3b090-df68-462f-b065-2ccceeffe03e",
              "isHook": false,
              "skipped": false
            },
            {
              "title": "opens energy portal \"bernex\" in it-CH",
              "fullTitle": "Tests all the unarchived energy portals opens energy portal \"bernex\" in it-CH",
              "timedOut": null,
              "duration": 1856,
              "state": "passed",
              "speed": "fast",
              "pass": true,
              "fail": false,
              "pending": false,
              "context": null,
              "code": "var url = \"https://energieportal.energyapps.ch/ep/\".concat(item.slug, \"?lng=\").concat(language);\nconsole.log(\"Testing Energyportal \".concat(url));\ncy.visit(url);\ncy.get(\"body\").should(\"exist\");\ncy.get(\"#sep-map\").should(\"exist\");\ncy.get(\"#sep-core\").should(\"exist\");\ncy.get(\"#object-address-autocomplete\").should(\"exist\");\ncy.get(\"#sep-contact-form\").should(\"exist\");\n// check if the map has been loaded in the correct language based on map attributions\nif (language === \"de-CH\") {\n    cy.get(\".leaflet-control-attribution\").should(\"contain\", \"Amtliche Vermessung Schweiz / FL\");\n}\nif (language === \"fr-CH\") {\n    cy.get(\".leaflet-control-attribution\").should(\"contain\", \"Mensuration Officielle Suisse / FL\");\n}\nif (language === \"it-CH\") {\n    cy.get(\".leaflet-control-attribution\").should(\"contain\", \"Misurazione Ufficiale Svizzera / FL\");\n}",
              "err": {},
              "uuid": "a40962d9-215b-4032-8278-52f674395901",
              "parentUUID": "4de3b090-df68-462f-b065-2ccceeffe03e",
              "isHook": false,
              "skipped": false
            },
            {
              "title": "opens energy portal \"evilard\" in de-CH",
              "fullTitle": "Tests all the unarchived energy portals opens energy portal \"evilard\" in de-CH",
              "timedOut": null,
              "duration": 1943,
              "state": "passed",
              "speed": "fast",
              "pass": true,
              "fail": false,
              "pending": false,
              "context": null,
              "code": "var url = \"https://energieportal.energyapps.ch/ep/\".concat(item.slug, \"?lng=\").concat(language);\nconsole.log(\"Testing Energyportal \".concat(url));\ncy.visit(url);\ncy.get(\"body\").should(\"exist\");\ncy.get(\"#sep-map\").should(\"exist\");\ncy.get(\"#sep-core\").should(\"exist\");\ncy.get(\"#object-address-autocomplete\").should(\"exist\");\ncy.get(\"#sep-contact-form\").should(\"exist\");\n// check if the map has been loaded in the correct language based on map attributions\nif (language === \"de-CH\") {\n    cy.get(\".leaflet-control-attribution\").should(\"contain\", \"Amtliche Vermessung Schweiz / FL\");\n}\nif (language === \"fr-CH\") {\n    cy.get(\".leaflet-control-attribution\").should(\"contain\", \"Mensuration Officielle Suisse / FL\");\n}\nif (language === \"it-CH\") {\n    cy.get(\".leaflet-control-attribution\").should(\"contain\", \"Misurazione Ufficiale Svizzera / FL\");\n}",
              "err": {},
              "uuid": "c4cbe053-ac0f-4471-8d5d-440ff1e40da5",
              "parentUUID": "4de3b090-df68-462f-b065-2ccceeffe03e",
              "isHook": false,
              "skipped": false
            },
            {
              "title": "opens energy portal \"evilard\" in fr-CH",
              "fullTitle": "Tests all the unarchived energy portals opens energy portal \"evilard\" in fr-CH",
              "timedOut": null,
              "duration": 1652,
              "state": "passed",
              "speed": "fast",
              "pass": true,
              "fail": false,
              "pending": false,
              "context": null,
              "code": "var url = \"https://energieportal.energyapps.ch/ep/\".concat(item.slug, \"?lng=\").concat(language);\nconsole.log(\"Testing Energyportal \".concat(url));\ncy.visit(url);\ncy.get(\"body\").should(\"exist\");\ncy.get(\"#sep-map\").should(\"exist\");\ncy.get(\"#sep-core\").should(\"exist\");\ncy.get(\"#object-address-autocomplete\").should(\"exist\");\ncy.get(\"#sep-contact-form\").should(\"exist\");\n// check if the map has been loaded in the correct language based on map attributions\nif (language === \"de-CH\") {\n    cy.get(\".leaflet-control-attribution\").should(\"contain\", \"Amtliche Vermessung Schweiz / FL\");\n}\nif (language === \"fr-CH\") {\n    cy.get(\".leaflet-control-attribution\").should(\"contain\", \"Mensuration Officielle Suisse / FL\");\n}\nif (language === \"it-CH\") {\n    cy.get(\".leaflet-control-attribution\").should(\"contain\", \"Misurazione Ufficiale Svizzera / FL\");\n}",
              "err": {},
              "uuid": "bdbab3f3-19ba-46d4-ab91-a3571b24bd5a",
              "parentUUID": "4de3b090-df68-462f-b065-2ccceeffe03e",
              "isHook": false,
              "skipped": false
            },
            {
              "title": "opens energy portal \"evilard\" in it-CH",
              "fullTitle": "Tests all the unarchived energy portals opens energy portal \"evilard\" in it-CH",
              "timedOut": null,
              "duration": 2206,
              "state": "passed",
              "speed": "fast",
              "pass": true,
              "fail": false,
              "pending": false,
              "context": null,
              "code": "var url = \"https://energieportal.energyapps.ch/ep/\".concat(item.slug, \"?lng=\").concat(language);\nconsole.log(\"Testing Energyportal \".concat(url));\ncy.visit(url);\ncy.get(\"body\").should(\"exist\");\ncy.get(\"#sep-map\").should(\"exist\");\ncy.get(\"#sep-core\").should(\"exist\");\ncy.get(\"#object-address-autocomplete\").should(\"exist\");\ncy.get(\"#sep-contact-form\").should(\"exist\");\n// check if the map has been loaded in the correct language based on map attributions\nif (language === \"de-CH\") {\n    cy.get(\".leaflet-control-attribution\").should(\"contain\", \"Amtliche Vermessung Schweiz / FL\");\n}\nif (language === \"fr-CH\") {\n    cy.get(\".leaflet-control-attribution\").should(\"contain\", \"Mensuration Officielle Suisse / FL\");\n}\nif (language === \"it-CH\") {\n    cy.get(\".leaflet-control-attribution\").should(\"contain\", \"Misurazione Ufficiale Svizzera / FL\");\n}",
              "err": {},
              "uuid": "5a91b11a-7e4f-4666-b5d8-1eb93b4202cb",
              "parentUUID": "4de3b090-df68-462f-b065-2ccceeffe03e",
              "isHook": false,
              "skipped": false
            },
            {
              "title": "opens energy portal \"default\" in de-CH",
              "fullTitle": "Tests all the unarchived energy portals opens energy portal \"default\" in de-CH",
              "timedOut": null,
              "duration": 1553,
              "state": "passed",
              "speed": "fast",
              "pass": true,
              "fail": false,
              "pending": false,
              "context": null,
              "code": "var url = \"https://energieportal.energyapps.ch/ep/\".concat(item.slug, \"?lng=\").concat(language);\nconsole.log(\"Testing Energyportal \".concat(url));\ncy.visit(url);\ncy.get(\"body\").should(\"exist\");\ncy.get(\"#sep-map\").should(\"exist\");\ncy.get(\"#sep-core\").should(\"exist\");\ncy.get(\"#object-address-autocomplete\").should(\"exist\");\ncy.get(\"#sep-contact-form\").should(\"exist\");\n// check if the map has been loaded in the correct language based on map attributions\nif (language === \"de-CH\") {\n    cy.get(\".leaflet-control-attribution\").should(\"contain\", \"Amtliche Vermessung Schweiz / FL\");\n}\nif (language === \"fr-CH\") {\n    cy.get(\".leaflet-control-attribution\").should(\"contain\", \"Mensuration Officielle Suisse / FL\");\n}\nif (language === \"it-CH\") {\n    cy.get(\".leaflet-control-attribution\").should(\"contain\", \"Misurazione Ufficiale Svizzera / FL\");\n}",
              "err": {},
              "uuid": "02e85134-d323-43b9-814a-5ed203eaf40f",
              "parentUUID": "4de3b090-df68-462f-b065-2ccceeffe03e",
              "isHook": false,
              "skipped": false
            },
            {
              "title": "opens energy portal \"default\" in fr-CH",
              "fullTitle": "Tests all the unarchived energy portals opens energy portal \"default\" in fr-CH",
              "timedOut": null,
              "duration": 2142,
              "state": "passed",
              "speed": "fast",
              "pass": true,
              "fail": false,
              "pending": false,
              "context": null,
              "code": "var url = \"https://energieportal.energyapps.ch/ep/\".concat(item.slug, \"?lng=\").concat(language);\nconsole.log(\"Testing Energyportal \".concat(url));\ncy.visit(url);\ncy.get(\"body\").should(\"exist\");\ncy.get(\"#sep-map\").should(\"exist\");\ncy.get(\"#sep-core\").should(\"exist\");\ncy.get(\"#object-address-autocomplete\").should(\"exist\");\ncy.get(\"#sep-contact-form\").should(\"exist\");\n// check if the map has been loaded in the correct language based on map attributions\nif (language === \"de-CH\") {\n    cy.get(\".leaflet-control-attribution\").should(\"contain\", \"Amtliche Vermessung Schweiz / FL\");\n}\nif (language === \"fr-CH\") {\n    cy.get(\".leaflet-control-attribution\").should(\"contain\", \"Mensuration Officielle Suisse / FL\");\n}\nif (language === \"it-CH\") {\n    cy.get(\".leaflet-control-attribution\").should(\"contain\", \"Misurazione Ufficiale Svizzera / FL\");\n}",
              "err": {},
              "uuid": "79f5dd2c-d092-4232-a4cb-34357daf4cab",
              "parentUUID": "4de3b090-df68-462f-b065-2ccceeffe03e",
              "isHook": false,
              "skipped": false
            },
            {
              "title": "opens energy portal \"default\" in it-CH",
              "fullTitle": "Tests all the unarchived energy portals opens energy portal \"default\" in it-CH",
              "timedOut": null,
              "duration": 1891,
              "state": "passed",
              "speed": "fast",
              "pass": true,
              "fail": false,
              "pending": false,
              "context": null,
              "code": "var url = \"https://energieportal.energyapps.ch/ep/\".concat(item.slug, \"?lng=\").concat(language);\nconsole.log(\"Testing Energyportal \".concat(url));\ncy.visit(url);\ncy.get(\"body\").should(\"exist\");\ncy.get(\"#sep-map\").should(\"exist\");\ncy.get(\"#sep-core\").should(\"exist\");\ncy.get(\"#object-address-autocomplete\").should(\"exist\");\ncy.get(\"#sep-contact-form\").should(\"exist\");\n// check if the map has been loaded in the correct language based on map attributions\nif (language === \"de-CH\") {\n    cy.get(\".leaflet-control-attribution\").should(\"contain\", \"Amtliche Vermessung Schweiz / FL\");\n}\nif (language === \"fr-CH\") {\n    cy.get(\".leaflet-control-attribution\").should(\"contain\", \"Mensuration Officielle Suisse / FL\");\n}\nif (language === \"it-CH\") {\n    cy.get(\".leaflet-control-attribution\").should(\"contain\", \"Misurazione Ufficiale Svizzera / FL\");\n}",
              "err": {},
              "uuid": "c033a52f-6a6f-4380-8c8a-1a2ba0b278cd",
              "parentUUID": "4de3b090-df68-462f-b065-2ccceeffe03e",
              "isHook": false,
              "skipped": false
            },
            {
              "title": "opens energy portal \"bruegg\" in de-CH",
              "fullTitle": "Tests all the unarchived energy portals opens energy portal \"bruegg\" in de-CH",
              "timedOut": null,
              "duration": 1923,
              "state": "passed",
              "speed": "fast",
              "pass": true,
              "fail": false,
              "pending": false,
              "context": null,
              "code": "var url = \"https://energieportal.energyapps.ch/ep/\".concat(item.slug, \"?lng=\").concat(language);\nconsole.log(\"Testing Energyportal \".concat(url));\ncy.visit(url);\ncy.get(\"body\").should(\"exist\");\ncy.get(\"#sep-map\").should(\"exist\");\ncy.get(\"#sep-core\").should(\"exist\");\ncy.get(\"#object-address-autocomplete\").should(\"exist\");\ncy.get(\"#sep-contact-form\").should(\"exist\");\n// check if the map has been loaded in the correct language based on map attributions\nif (language === \"de-CH\") {\n    cy.get(\".leaflet-control-attribution\").should(\"contain\", \"Amtliche Vermessung Schweiz / FL\");\n}\nif (language === \"fr-CH\") {\n    cy.get(\".leaflet-control-attribution\").should(\"contain\", \"Mensuration Officielle Suisse / FL\");\n}\nif (language === \"it-CH\") {\n    cy.get(\".leaflet-control-attribution\").should(\"contain\", \"Misurazione Ufficiale Svizzera / FL\");\n}",
              "err": {},
              "uuid": "790cf3eb-2016-4265-9fcf-45e766c3f9c9",
              "parentUUID": "4de3b090-df68-462f-b065-2ccceeffe03e",
              "isHook": false,
              "skipped": false
            },
            {
              "title": "opens energy portal \"bruegg\" in fr-CH",
              "fullTitle": "Tests all the unarchived energy portals opens energy portal \"bruegg\" in fr-CH",
              "timedOut": null,
              "duration": 1948,
              "state": "passed",
              "speed": "fast",
              "pass": true,
              "fail": false,
              "pending": false,
              "context": null,
              "code": "var url = \"https://energieportal.energyapps.ch/ep/\".concat(item.slug, \"?lng=\").concat(language);\nconsole.log(\"Testing Energyportal \".concat(url));\ncy.visit(url);\ncy.get(\"body\").should(\"exist\");\ncy.get(\"#sep-map\").should(\"exist\");\ncy.get(\"#sep-core\").should(\"exist\");\ncy.get(\"#object-address-autocomplete\").should(\"exist\");\ncy.get(\"#sep-contact-form\").should(\"exist\");\n// check if the map has been loaded in the correct language based on map attributions\nif (language === \"de-CH\") {\n    cy.get(\".leaflet-control-attribution\").should(\"contain\", \"Amtliche Vermessung Schweiz / FL\");\n}\nif (language === \"fr-CH\") {\n    cy.get(\".leaflet-control-attribution\").should(\"contain\", \"Mensuration Officielle Suisse / FL\");\n}\nif (language === \"it-CH\") {\n    cy.get(\".leaflet-control-attribution\").should(\"contain\", \"Misurazione Ufficiale Svizzera / FL\");\n}",
              "err": {},
              "uuid": "592072c4-99f0-4277-a256-85fc8495754a",
              "parentUUID": "4de3b090-df68-462f-b065-2ccceeffe03e",
              "isHook": false,
              "skipped": false
            },
            {
              "title": "opens energy portal \"bruegg\" in it-CH",
              "fullTitle": "Tests all the unarchived energy portals opens energy portal \"bruegg\" in it-CH",
              "timedOut": null,
              "duration": 1963,
              "state": "passed",
              "speed": "fast",
              "pass": true,
              "fail": false,
              "pending": false,
              "context": null,
              "code": "var url = \"https://energieportal.energyapps.ch/ep/\".concat(item.slug, \"?lng=\").concat(language);\nconsole.log(\"Testing Energyportal \".concat(url));\ncy.visit(url);\ncy.get(\"body\").should(\"exist\");\ncy.get(\"#sep-map\").should(\"exist\");\ncy.get(\"#sep-core\").should(\"exist\");\ncy.get(\"#object-address-autocomplete\").should(\"exist\");\ncy.get(\"#sep-contact-form\").should(\"exist\");\n// check if the map has been loaded in the correct language based on map attributions\nif (language === \"de-CH\") {\n    cy.get(\".leaflet-control-attribution\").should(\"contain\", \"Amtliche Vermessung Schweiz / FL\");\n}\nif (language === \"fr-CH\") {\n    cy.get(\".leaflet-control-attribution\").should(\"contain\", \"Mensuration Officielle Suisse / FL\");\n}\nif (language === \"it-CH\") {\n    cy.get(\".leaflet-control-attribution\").should(\"contain\", \"Misurazione Ufficiale Svizzera / FL\");\n}",
              "err": {},
              "uuid": "02d43812-290b-4683-a5ae-b8ed121d5970",
              "parentUUID": "4de3b090-df68-462f-b065-2ccceeffe03e",
              "isHook": false,
              "skipped": false
            },
            {
              "title": "opens energy portal \"kloten\" in de-CH",
              "fullTitle": "Tests all the unarchived energy portals opens energy portal \"kloten\" in de-CH",
              "timedOut": null,
              "duration": 2168,
              "state": "passed",
              "speed": "fast",
              "pass": true,
              "fail": false,
              "pending": false,
              "context": null,
              "code": "var url = \"https://energieportal.energyapps.ch/ep/\".concat(item.slug, \"?lng=\").concat(language);\nconsole.log(\"Testing Energyportal \".concat(url));\ncy.visit(url);\ncy.get(\"body\").should(\"exist\");\ncy.get(\"#sep-map\").should(\"exist\");\ncy.get(\"#sep-core\").should(\"exist\");\ncy.get(\"#object-address-autocomplete\").should(\"exist\");\ncy.get(\"#sep-contact-form\").should(\"exist\");\n// check if the map has been loaded in the correct language based on map attributions\nif (language === \"de-CH\") {\n    cy.get(\".leaflet-control-attribution\").should(\"contain\", \"Amtliche Vermessung Schweiz / FL\");\n}\nif (language === \"fr-CH\") {\n    cy.get(\".leaflet-control-attribution\").should(\"contain\", \"Mensuration Officielle Suisse / FL\");\n}\nif (language === \"it-CH\") {\n    cy.get(\".leaflet-control-attribution\").should(\"contain\", \"Misurazione Ufficiale Svizzera / FL\");\n}",
              "err": {},
              "uuid": "1259ac90-1c89-45b2-bf9f-c6739af0f5ca",
              "parentUUID": "4de3b090-df68-462f-b065-2ccceeffe03e",
              "isHook": false,
              "skipped": false
            },
            {
              "title": "opens energy portal \"kloten\" in fr-CH",
              "fullTitle": "Tests all the unarchived energy portals opens energy portal \"kloten\" in fr-CH",
              "timedOut": null,
              "duration": 1881,
              "state": "passed",
              "speed": "fast",
              "pass": true,
              "fail": false,
              "pending": false,
              "context": null,
              "code": "var url = \"https://energieportal.energyapps.ch/ep/\".concat(item.slug, \"?lng=\").concat(language);\nconsole.log(\"Testing Energyportal \".concat(url));\ncy.visit(url);\ncy.get(\"body\").should(\"exist\");\ncy.get(\"#sep-map\").should(\"exist\");\ncy.get(\"#sep-core\").should(\"exist\");\ncy.get(\"#object-address-autocomplete\").should(\"exist\");\ncy.get(\"#sep-contact-form\").should(\"exist\");\n// check if the map has been loaded in the correct language based on map attributions\nif (language === \"de-CH\") {\n    cy.get(\".leaflet-control-attribution\").should(\"contain\", \"Amtliche Vermessung Schweiz / FL\");\n}\nif (language === \"fr-CH\") {\n    cy.get(\".leaflet-control-attribution\").should(\"contain\", \"Mensuration Officielle Suisse / FL\");\n}\nif (language === \"it-CH\") {\n    cy.get(\".leaflet-control-attribution\").should(\"contain\", \"Misurazione Ufficiale Svizzera / FL\");\n}",
              "err": {},
              "uuid": "add6465c-7ab2-4ae5-9ad9-5c4361c0a22b",
              "parentUUID": "4de3b090-df68-462f-b065-2ccceeffe03e",
              "isHook": false,
              "skipped": false
            },
            {
              "title": "opens energy portal \"kloten\" in it-CH",
              "fullTitle": "Tests all the unarchived energy portals opens energy portal \"kloten\" in it-CH",
              "timedOut": null,
              "duration": 2540,
              "state": "passed",
              "speed": "fast",
              "pass": true,
              "fail": false,
              "pending": false,
              "context": null,
              "code": "var url = \"https://energieportal.energyapps.ch/ep/\".concat(item.slug, \"?lng=\").concat(language);\nconsole.log(\"Testing Energyportal \".concat(url));\ncy.visit(url);\ncy.get(\"body\").should(\"exist\");\ncy.get(\"#sep-map\").should(\"exist\");\ncy.get(\"#sep-core\").should(\"exist\");\ncy.get(\"#object-address-autocomplete\").should(\"exist\");\ncy.get(\"#sep-contact-form\").should(\"exist\");\n// check if the map has been loaded in the correct language based on map attributions\nif (language === \"de-CH\") {\n    cy.get(\".leaflet-control-attribution\").should(\"contain\", \"Amtliche Vermessung Schweiz / FL\");\n}\nif (language === \"fr-CH\") {\n    cy.get(\".leaflet-control-attribution\").should(\"contain\", \"Mensuration Officielle Suisse / FL\");\n}\nif (language === \"it-CH\") {\n    cy.get(\".leaflet-control-attribution\").should(\"contain\", \"Misurazione Ufficiale Svizzera / FL\");\n}",
              "err": {},
              "uuid": "a1cad30b-c653-46f5-bef7-e7c2f4b0fad9",
              "parentUUID": "4de3b090-df68-462f-b065-2ccceeffe03e",
              "isHook": false,
              "skipped": false
            }
          ],
          "suites": [],
          "passes": [
            "abe4cefd-860c-466d-bcbb-36ba344779be",
            "c5cac6ad-2544-4809-b59f-01ffc8244c0c",
            "b4b7b001-2bef-4143-a449-f54328c856d8",
            "afbffdb0-f276-4e35-9d64-06f71bc49e6c",
            "0cff9a9d-8585-451d-8485-178c11e43065",
            "a96ac1a0-2f7d-4572-8035-412ec9e7e676",
            "d195bfae-6136-449d-9a21-c97d1282016e",
            "85c95b3a-8f77-4aca-bbe9-f5e464d56f14",
            "a40962d9-215b-4032-8278-52f674395901",
            "c4cbe053-ac0f-4471-8d5d-440ff1e40da5",
            "bdbab3f3-19ba-46d4-ab91-a3571b24bd5a",
            "5a91b11a-7e4f-4666-b5d8-1eb93b4202cb",
            "02e85134-d323-43b9-814a-5ed203eaf40f",
            "79f5dd2c-d092-4232-a4cb-34357daf4cab",
            "c033a52f-6a6f-4380-8c8a-1a2ba0b278cd",
            "790cf3eb-2016-4265-9fcf-45e766c3f9c9",
            "592072c4-99f0-4277-a256-85fc8495754a",
            "02d43812-290b-4683-a5ae-b8ed121d5970",
            "1259ac90-1c89-45b2-bf9f-c6739af0f5ca",
            "add6465c-7ab2-4ae5-9ad9-5c4361c0a22b",
            "a1cad30b-c653-46f5-bef7-e7c2f4b0fad9"
          ],
          "failures": [],
          "pending": [],
          "skipped": [],
          "duration": 42168,
          "root": false,
          "rootEmpty": false,
          "_timeout": 2000
        }
      ],
      "passes": [],
      "failures": [],
      "pending": [],
      "skipped": [],
      "duration": 0,
      "root": true,
      "rootEmpty": true,
      "_timeout": 2000
    }
  ],
  "meta": {
    "mocha": {
      "version": "7.0.1"
    },
    "mochawesome": {
      "options": {
        "quiet": false,
        "reportFilename": "partial-report",
        "saveHtml": false,
        "saveJson": true,
        "consoleReporter": "spec",
        "useInlineDiffs": false,
        "code": true
      },
      "version": "7.1.3"
    },
    "marge": {
      "options": {
        "reportDir": "cypress/results",
        "overwrite": false,
        "html": false,
        "json": true,
        "video": false,
        "reportFilename": "partial-report",
        "exit": false
      },
      "version": "6.2.0"
    }
  }
}