{
  "stats": {
    "suites": 0,
    "tests": 3,
    "passes": 3,
    "pending": 0,
    "failures": 0,
    "start": "2023-06-12T10:10:42.086Z",
    "end": "2023-06-12T10:10:50.889Z",
    "duration": 8803,
    "testsRegistered": 3,
    "passPercent": 100,
    "pendingPercent": 0,
    "other": 0,
    "hasOther": false,
    "skipped": 0,
    "hasSkipped": false
  },
  "results": [
    {
      "uuid": "16eea097-8b1a-41de-b81c-06c0b14c8f65",
      "title": "",
      "fullFile": "cypress\\e2e\\monitor-main.cy.ts",
      "file": "cypress\\e2e\\monitor-main.cy.ts",
      "beforeHooks": [],
      "afterHooks": [],
      "tests": [
        {
          "title": "opens https://sep.energyapps.ch",
          "fullTitle": "opens https://sep.energyapps.ch",
          "timedOut": null,
          "duration": 1100,
          "state": "passed",
          "speed": "fast",
          "pass": true,
          "fail": false,
          "pending": false,
          "context": null,
          "code": "test(urlElement);",
          "err": {},
          "uuid": "81a52ad6-dc92-4a35-8252-480849fbbe18",
          "parentUUID": "16eea097-8b1a-41de-b81c-06c0b14c8f65",
          "isHook": false,
          "skipped": false
        },
        {
          "title": "opens https://www.geoimpact.ch",
          "fullTitle": "opens https://www.geoimpact.ch",
          "timedOut": null,
          "duration": 1202,
          "state": "passed",
          "speed": "fast",
          "pass": true,
          "fail": false,
          "pending": false,
          "context": null,
          "code": "test(urlElement);",
          "err": {},
          "uuid": "5296b042-d6f5-46f4-bff0-d133bb312843",
          "parentUUID": "16eea097-8b1a-41de-b81c-06c0b14c8f65",
          "isHook": false,
          "skipped": false
        },
        {
          "title": "opens https://www.swissenergyplanning.ch",
          "fullTitle": "opens https://www.swissenergyplanning.ch",
          "timedOut": null,
          "duration": 1994,
          "state": "passed",
          "speed": "fast",
          "pass": true,
          "fail": false,
          "pending": false,
          "context": null,
          "code": "test(urlElement);",
          "err": {},
          "uuid": "b509c61d-88d7-4177-94f5-79a9fd4faed3",
          "parentUUID": "16eea097-8b1a-41de-b81c-06c0b14c8f65",
          "isHook": false,
          "skipped": false
        }
      ],
      "suites": [],
      "passes": [
        "81a52ad6-dc92-4a35-8252-480849fbbe18",
        "5296b042-d6f5-46f4-bff0-d133bb312843",
        "b509c61d-88d7-4177-94f5-79a9fd4faed3"
      ],
      "failures": [],
      "pending": [],
      "skipped": [],
      "duration": 4296,
      "root": true,
      "rootEmpty": false,
      "_timeout": 2000
    }
  ],
  "meta": {
    "mocha": {
      "version": "7.0.1"
    },
    "mochawesome": {
      "options": {
        "quiet": false,
        "reportFilename": "mochawesome",
        "saveHtml": false,
        "saveJson": true,
        "consoleReporter": "spec",
        "useInlineDiffs": false,
        "code": true
      },
      "version": "7.1.3"
    },
    "marge": {
      "options": {
        "reportDir": "cypress/results",
        "overwrite": false,
        "html": false,
        "json": true
      },
      "version": "6.2.0"
    }
  }
}