{
  "stats": {
    "suites": 0,
    "tests": 3,
    "passes": 3,
    "pending": 0,
    "failures": 0,
    "start": "2023-06-09T12:23:28.847Z",
    "end": "2023-06-09T12:23:37.323Z",
    "duration": 8476,
    "testsRegistered": 3,
    "passPercent": 100,
    "pendingPercent": 0,
    "other": 0,
    "hasOther": false,
    "skipped": 0,
    "hasSkipped": false
  },
  "results": [
    {
      "uuid": "5107139b-7f8f-46cf-84a2-f9812cc2a710",
      "title": "",
      "fullFile": "cypress/e2e/monitor-main.cy.ts",
      "file": "cypress/e2e/monitor-main.cy.ts",
      "beforeHooks": [],
      "afterHooks": [],
      "tests": [
        {
          "title": "opens https://sep.energyapps.ch",
          "fullTitle": "opens https://sep.energyapps.ch",
          "timedOut": null,
          "duration": 1028,
          "state": "passed",
          "speed": "fast",
          "pass": true,
          "fail": false,
          "pending": false,
          "context": null,
          "code": "test(urlElement);",
          "err": {},
          "uuid": "dea642c7-5c39-44dc-b4d0-b2c153185a45",
          "parentUUID": "5107139b-7f8f-46cf-84a2-f9812cc2a710",
          "isHook": false,
          "skipped": false
        },
        {
          "title": "opens https://www.geoimpact.ch",
          "fullTitle": "opens https://www.geoimpact.ch",
          "timedOut": null,
          "duration": 1191,
          "state": "passed",
          "speed": "fast",
          "pass": true,
          "fail": false,
          "pending": false,
          "context": null,
          "code": "test(urlElement);",
          "err": {},
          "uuid": "0061ca88-4d0a-4d91-be65-5c9de6aa77b6",
          "parentUUID": "5107139b-7f8f-46cf-84a2-f9812cc2a710",
          "isHook": false,
          "skipped": false
        },
        {
          "title": "opens https://www.swissenergyplanning.ch",
          "fullTitle": "opens https://www.swissenergyplanning.ch",
          "timedOut": null,
          "duration": 1771,
          "state": "passed",
          "speed": "fast",
          "pass": true,
          "fail": false,
          "pending": false,
          "context": null,
          "code": "test(urlElement);",
          "err": {},
          "uuid": "30d77a04-0418-4b63-b30b-6fe94c387b74",
          "parentUUID": "5107139b-7f8f-46cf-84a2-f9812cc2a710",
          "isHook": false,
          "skipped": false
        }
      ],
      "suites": [],
      "passes": [
        "dea642c7-5c39-44dc-b4d0-b2c153185a45",
        "0061ca88-4d0a-4d91-be65-5c9de6aa77b6",
        "30d77a04-0418-4b63-b30b-6fe94c387b74"
      ],
      "failures": [],
      "pending": [],
      "skipped": [],
      "duration": 3990,
      "root": true,
      "rootEmpty": false,
      "_timeout": 2000
    }
  ],
  "meta": {
    "mocha": {
      "version": "7.0.1"
    },
    "mochawesome": {
      "options": {
        "quiet": false,
        "reportFilename": "mochawesome",
        "saveHtml": true,
        "saveJson": true,
        "consoleReporter": "spec",
        "useInlineDiffs": false,
        "code": true
      },
      "version": "7.1.3"
    },
    "marge": {
      "options": {
        "reportDir": "cypress/results",
        "overwrite": true,
        "html": true,
        "json": true
      },
      "version": "6.2.0"
    }
  }
}