{
  "stats": {
    "suites": 0,
    "tests": 6,
    "passes": 5,
    "pending": 0,
    "failures": 1,
    "start": "2023-06-12T14:32:40.626Z",
    "end": "2023-06-12T14:32:57.664Z",
    "duration": 17038,
    "testsRegistered": 6,
    "passPercent": 83.33333333333334,
    "pendingPercent": 0,
    "other": 0,
    "hasOther": false,
    "skipped": 0,
    "hasSkipped": false
  },
  "results": [
    {
      "uuid": "d3e1172c-7153-4e7c-837f-f6e63530ddbf",
      "title": "",
      "fullFile": "cypress\\e2e\\monitor-main.cy.ts",
      "file": "cypress\\e2e\\monitor-main.cy.ts",
      "beforeHooks": [],
      "afterHooks": [],
      "tests": [
        {
          "title": "opens https://sep.energyapps.ch",
          "fullTitle": "opens https://sep.energyapps.ch",
          "timedOut": null,
          "duration": 292,
          "state": "failed",
          "speed": null,
          "pass": false,
          "fail": true,
          "pending": false,
          "context": null,
          "code": "testUrl(urlElement);",
          "err": {
            "message": "AssertionError: expected 'https://sep.energyapps.ch' to equal '?'",
            "estack": "AssertionError: expected 'https://sep.energyapps.ch' to equal '?'\n    at testUrl (webpack:///./cypress/e2e/monitor-main.cy.ts:34:0)\n    at Context.eval (webpack:///./cypress/e2e/monitor-main.cy.ts:48:0)",
            "diff": "- 'https://sep.energyapps.ch'\n+ '?'\n"
          },
          "uuid": "242f5a91-ab07-4902-90b8-bf506919191e",
          "parentUUID": "d3e1172c-7153-4e7c-837f-f6e63530ddbf",
          "isHook": false,
          "skipped": false
        },
        {
          "title": "opens https://www.geoimpact.ch",
          "fullTitle": "opens https://www.geoimpact.ch",
          "timedOut": null,
          "duration": 1201,
          "state": "passed",
          "speed": "fast",
          "pass": true,
          "fail": false,
          "pending": false,
          "context": null,
          "code": "testUrl(urlElement);",
          "err": {},
          "uuid": "95fa1464-e98e-4948-93a4-9f8cc38378aa",
          "parentUUID": "d3e1172c-7153-4e7c-837f-f6e63530ddbf",
          "isHook": false,
          "skipped": false
        },
        {
          "title": "opens https://www.swissenergyplanning.ch",
          "fullTitle": "opens https://www.swissenergyplanning.ch",
          "timedOut": null,
          "duration": 1962,
          "state": "passed",
          "speed": "fast",
          "pass": true,
          "fail": false,
          "pending": false,
          "context": null,
          "code": "testUrl(urlElement);",
          "err": {},
          "uuid": "0a1a6a3e-ca95-4805-8e39-91c8da92fc05",
          "parentUUID": "d3e1172c-7153-4e7c-837f-f6e63530ddbf",
          "isHook": false,
          "skipped": false
        },
        {
          "title": "opens https://reporterenergie.ch/",
          "fullTitle": "opens https://reporterenergie.ch/",
          "timedOut": null,
          "duration": 820,
          "state": "passed",
          "speed": "fast",
          "pass": true,
          "fail": false,
          "pending": false,
          "context": null,
          "code": "testUrl(urlElement);",
          "err": {},
          "uuid": "b67211ee-b446-4b88-adbb-c13281dc517a",
          "parentUUID": "d3e1172c-7153-4e7c-837f-f6e63530ddbf",
          "isHook": false,
          "skipped": false
        },
        {
          "title": "opens https://reporterenergetico.ch/",
          "fullTitle": "opens https://reporterenergetico.ch/",
          "timedOut": null,
          "duration": 2847,
          "state": "passed",
          "speed": "fast",
          "pass": true,
          "fail": false,
          "pending": false,
          "context": null,
          "code": "testUrl(urlElement);",
          "err": {},
          "uuid": "35538a07-0e0f-4fe1-85b4-5aa61d441d4e",
          "parentUUID": "d3e1172c-7153-4e7c-837f-f6e63530ddbf",
          "isHook": false,
          "skipped": false
        },
        {
          "title": "opens https://energiereporter.ch/",
          "fullTitle": "opens https://energiereporter.ch/",
          "timedOut": null,
          "duration": 792,
          "state": "passed",
          "speed": "fast",
          "pass": true,
          "fail": false,
          "pending": false,
          "context": null,
          "code": "testUrl(urlElement);",
          "err": {},
          "uuid": "320fca22-f2a4-4e7b-90f3-675c21437261",
          "parentUUID": "d3e1172c-7153-4e7c-837f-f6e63530ddbf",
          "isHook": false,
          "skipped": false
        }
      ],
      "suites": [],
      "passes": [
        "95fa1464-e98e-4948-93a4-9f8cc38378aa",
        "0a1a6a3e-ca95-4805-8e39-91c8da92fc05",
        "b67211ee-b446-4b88-adbb-c13281dc517a",
        "35538a07-0e0f-4fe1-85b4-5aa61d441d4e",
        "320fca22-f2a4-4e7b-90f3-675c21437261"
      ],
      "failures": [
        "242f5a91-ab07-4902-90b8-bf506919191e"
      ],
      "pending": [],
      "skipped": [],
      "duration": 7914,
      "root": true,
      "rootEmpty": false,
      "_timeout": 2000
    }
  ],
  "meta": {
    "mocha": {
      "version": "7.0.1"
    },
    "mochawesome": {
      "options": {
        "quiet": false,
        "reportFilename": "mochawesome",
        "saveHtml": true,
        "saveJson": true,
        "consoleReporter": "spec",
        "useInlineDiffs": false,
        "code": true
      },
      "version": "7.1.3"
    },
    "marge": {
      "options": {
        "reportDir": "cypress/results",
        "overwrite": true,
        "html": true,
        "json": true,
        "video": false,
        "reportFilename": "mochawesome",
        "exit": false
      },
      "version": "6.2.0"
    }
  }
}