{
  "stats": {
    "suites": 1,
    "tests": 6,
    "passes": 6,
    "pending": 0,
    "failures": 0,
    "start": "2023-06-13T16:11:16.463Z",
    "end": "2023-06-13T16:11:36.500Z",
    "duration": 20037,
    "testsRegistered": 6,
    "passPercent": 100,
    "pendingPercent": 0,
    "other": 0,
    "hasOther": false,
    "skipped": 0,
    "hasSkipped": false
  },
  "results": [
    {
      "uuid": "03944320-e1d5-473f-a133-584f2d279bd2",
      "title": "",
      "fullFile": "cypress\\e2e\\monitor-main.cy.ts",
      "file": "cypress\\e2e\\monitor-main.cy.ts",
      "beforeHooks": [],
      "afterHooks": [],
      "tests": [],
      "suites": [
        {
          "uuid": "f262b615-d641-402c-9da6-98298b9084d6",
          "title": "Test body of generic websites",
          "fullFile": "",
          "file": "",
          "beforeHooks": [],
          "afterHooks": [],
          "tests": [
            {
              "title": "opens https://sep.energyapps.ch",
              "fullTitle": "Test body of generic websites opens https://sep.energyapps.ch",
              "timedOut": null,
              "duration": 1466,
              "state": "passed",
              "speed": "fast",
              "pass": true,
              "fail": false,
              "pending": false,
              "context": null,
              "code": "Cypress.config('defaultCommandTimeout', 10 * 1000);\ntestUrl(urlElement);",
              "err": {},
              "uuid": "73e341f0-14a4-4e3d-9103-60ffacf5cf58",
              "parentUUID": "f262b615-d641-402c-9da6-98298b9084d6",
              "isHook": false,
              "skipped": false
            },
            {
              "title": "opens https://www.geoimpact.ch",
              "fullTitle": "Test body of generic websites opens https://www.geoimpact.ch",
              "timedOut": null,
              "duration": 1152,
              "state": "passed",
              "speed": "fast",
              "pass": true,
              "fail": false,
              "pending": false,
              "context": null,
              "code": "Cypress.config('defaultCommandTimeout', 10 * 1000);\ntestUrl(urlElement);",
              "err": {},
              "uuid": "bbd9248c-bde7-412f-952e-0d8f46a1f61e",
              "parentUUID": "f262b615-d641-402c-9da6-98298b9084d6",
              "isHook": false,
              "skipped": false
            },
            {
              "title": "opens https://www.swissenergyplanning.ch",
              "fullTitle": "Test body of generic websites opens https://www.swissenergyplanning.ch",
              "timedOut": null,
              "duration": 1925,
              "state": "passed",
              "speed": "fast",
              "pass": true,
              "fail": false,
              "pending": false,
              "context": null,
              "code": "Cypress.config('defaultCommandTimeout', 10 * 1000);\ntestUrl(urlElement);",
              "err": {},
              "uuid": "9078a18d-6771-452d-8112-37c68f173e3b",
              "parentUUID": "f262b615-d641-402c-9da6-98298b9084d6",
              "isHook": false,
              "skipped": false
            },
            {
              "title": "opens https://reporterenergie.ch/",
              "fullTitle": "Test body of generic websites opens https://reporterenergie.ch/",
              "timedOut": null,
              "duration": 2803,
              "state": "passed",
              "speed": "fast",
              "pass": true,
              "fail": false,
              "pending": false,
              "context": null,
              "code": "Cypress.config('defaultCommandTimeout', 10 * 1000);\ntestUrl(urlElement);",
              "err": {},
              "uuid": "1b657180-7a3e-4595-be7e-548e390b34b9",
              "parentUUID": "f262b615-d641-402c-9da6-98298b9084d6",
              "isHook": false,
              "skipped": false
            },
            {
              "title": "opens https://reporterenergetico.ch/",
              "fullTitle": "Test body of generic websites opens https://reporterenergetico.ch/",
              "timedOut": null,
              "duration": 1912,
              "state": "passed",
              "speed": "fast",
              "pass": true,
              "fail": false,
              "pending": false,
              "context": null,
              "code": "Cypress.config('defaultCommandTimeout', 10 * 1000);\ntestUrl(urlElement);",
              "err": {},
              "uuid": "a8510dc6-9e6d-4f4b-86e0-618bf0d7ba69",
              "parentUUID": "f262b615-d641-402c-9da6-98298b9084d6",
              "isHook": false,
              "skipped": false
            },
            {
              "title": "opens https://energiereporter.ch/",
              "fullTitle": "Test body of generic websites opens https://energiereporter.ch/",
              "timedOut": null,
              "duration": 712,
              "state": "passed",
              "speed": "fast",
              "pass": true,
              "fail": false,
              "pending": false,
              "context": null,
              "code": "Cypress.config('defaultCommandTimeout', 10 * 1000);\ntestUrl(urlElement);",
              "err": {},
              "uuid": "7af6b9cb-b316-428e-aca1-e3c99b2636bb",
              "parentUUID": "f262b615-d641-402c-9da6-98298b9084d6",
              "isHook": false,
              "skipped": false
            }
          ],
          "suites": [],
          "passes": [
            "73e341f0-14a4-4e3d-9103-60ffacf5cf58",
            "bbd9248c-bde7-412f-952e-0d8f46a1f61e",
            "9078a18d-6771-452d-8112-37c68f173e3b",
            "1b657180-7a3e-4595-be7e-548e390b34b9",
            "a8510dc6-9e6d-4f4b-86e0-618bf0d7ba69",
            "7af6b9cb-b316-428e-aca1-e3c99b2636bb"
          ],
          "failures": [],
          "pending": [],
          "skipped": [],
          "duration": 9970,
          "root": false,
          "rootEmpty": false,
          "_timeout": 2000
        }
      ],
      "passes": [],
      "failures": [],
      "pending": [],
      "skipped": [],
      "duration": 0,
      "root": true,
      "rootEmpty": true,
      "_timeout": 2000
    }
  ],
  "meta": {
    "mocha": {
      "version": "7.0.1"
    },
    "mochawesome": {
      "options": {
        "quiet": false,
        "reportFilename": "partial-report",
        "saveHtml": false,
        "saveJson": true,
        "consoleReporter": "spec",
        "useInlineDiffs": false,
        "code": true
      },
      "version": "7.1.3"
    },
    "marge": {
      "options": {
        "reportDir": "cypress/results",
        "overwrite": false,
        "html": false,
        "json": true,
        "video": false,
        "reportFilename": "partial-report",
        "exit": false
      },
      "version": "6.2.0"
    }
  }
}