{
  "stats": {
    "suites": 1,
    "tests": 6,
    "passes": 6,
    "pending": 0,
    "failures": 0,
    "start": "2023-06-20T09:46:13.439Z",
    "end": "2023-06-20T09:46:38.786Z",
    "duration": 25347,
    "testsRegistered": 6,
    "passPercent": 100,
    "pendingPercent": 0,
    "other": 0,
    "hasOther": false,
    "skipped": 0,
    "hasSkipped": false
  },
  "results": [
    {
      "uuid": "f6cd037b-bccf-4e88-b6db-2f64d1e2e01e",
      "title": "",
      "fullFile": "cypress\\e2e\\monitor-main.cy.ts",
      "file": "cypress\\e2e\\monitor-main.cy.ts",
      "beforeHooks": [],
      "afterHooks": [],
      "tests": [],
      "suites": [
        {
          "uuid": "13e4e5ac-b5d1-499b-bf45-7254e145c1d1",
          "title": "Test body of generic websites",
          "fullFile": "",
          "file": "",
          "beforeHooks": [],
          "afterHooks": [],
          "tests": [
            {
              "title": "opens https://sep.energyapps.ch",
              "fullTitle": "Test body of generic websites opens https://sep.energyapps.ch",
              "timedOut": null,
              "duration": 1120,
              "state": "passed",
              "speed": "fast",
              "pass": true,
              "fail": false,
              "pending": false,
              "context": null,
              "code": "testUrl(urlElement);",
              "err": {},
              "uuid": "45f817cf-b68b-4ce1-9e72-09d44b74b6ec",
              "parentUUID": "13e4e5ac-b5d1-499b-bf45-7254e145c1d1",
              "isHook": false,
              "skipped": false
            },
            {
              "title": "opens https://www.geoimpact.ch",
              "fullTitle": "Test body of generic websites opens https://www.geoimpact.ch",
              "timedOut": null,
              "duration": 1309,
              "state": "passed",
              "speed": "fast",
              "pass": true,
              "fail": false,
              "pending": false,
              "context": null,
              "code": "testUrl(urlElement);",
              "err": {},
              "uuid": "5effe4d0-51f8-43b6-af78-738a217e7b04",
              "parentUUID": "13e4e5ac-b5d1-499b-bf45-7254e145c1d1",
              "isHook": false,
              "skipped": false
            },
            {
              "title": "opens https://www.swissenergyplanning.ch",
              "fullTitle": "Test body of generic websites opens https://www.swissenergyplanning.ch",
              "timedOut": null,
              "duration": 2346,
              "state": "passed",
              "speed": "fast",
              "pass": true,
              "fail": false,
              "pending": false,
              "context": null,
              "code": "testUrl(urlElement);",
              "err": {},
              "uuid": "76129604-004f-4d65-bb83-70c6c9f06bc2",
              "parentUUID": "13e4e5ac-b5d1-499b-bf45-7254e145c1d1",
              "isHook": false,
              "skipped": false
            },
            {
              "title": "opens https://reporterenergie.ch/",
              "fullTitle": "Test body of generic websites opens https://reporterenergie.ch/",
              "timedOut": null,
              "duration": 1266,
              "state": "passed",
              "speed": "fast",
              "pass": true,
              "fail": false,
              "pending": false,
              "context": null,
              "code": "testUrl(urlElement);",
              "err": {},
              "uuid": "7b73d558-e945-4369-8d82-6639254b005d",
              "parentUUID": "13e4e5ac-b5d1-499b-bf45-7254e145c1d1",
              "isHook": false,
              "skipped": false
            },
            {
              "title": "opens https://reporterenergetico.ch/",
              "fullTitle": "Test body of generic websites opens https://reporterenergetico.ch/",
              "timedOut": null,
              "duration": 1517,
              "state": "passed",
              "speed": "fast",
              "pass": true,
              "fail": false,
              "pending": false,
              "context": null,
              "code": "testUrl(urlElement);",
              "err": {},
              "uuid": "24ff1d74-dc3c-4c8f-aadb-0e1325505fdc",
              "parentUUID": "13e4e5ac-b5d1-499b-bf45-7254e145c1d1",
              "isHook": false,
              "skipped": false
            },
            {
              "title": "opens https://energiereporter.ch/",
              "fullTitle": "Test body of generic websites opens https://energiereporter.ch/",
              "timedOut": null,
              "duration": 3629,
              "state": "passed",
              "speed": "fast",
              "pass": true,
              "fail": false,
              "pending": false,
              "context": null,
              "code": "testUrl(urlElement);",
              "err": {},
              "uuid": "7e10c033-763e-434f-9790-1f0d73e1aa73",
              "parentUUID": "13e4e5ac-b5d1-499b-bf45-7254e145c1d1",
              "isHook": false,
              "skipped": false
            }
          ],
          "suites": [],
          "passes": [
            "45f817cf-b68b-4ce1-9e72-09d44b74b6ec",
            "5effe4d0-51f8-43b6-af78-738a217e7b04",
            "76129604-004f-4d65-bb83-70c6c9f06bc2",
            "7b73d558-e945-4369-8d82-6639254b005d",
            "24ff1d74-dc3c-4c8f-aadb-0e1325505fdc",
            "7e10c033-763e-434f-9790-1f0d73e1aa73"
          ],
          "failures": [],
          "pending": [],
          "skipped": [],
          "duration": 11187,
          "root": false,
          "rootEmpty": false,
          "_timeout": 2000
        }
      ],
      "passes": [],
      "failures": [],
      "pending": [],
      "skipped": [],
      "duration": 0,
      "root": true,
      "rootEmpty": true,
      "_timeout": 2000
    }
  ],
  "meta": {
    "mocha": {
      "version": "7.0.1"
    },
    "mochawesome": {
      "options": {
        "quiet": false,
        "reportFilename": "partial-report",
        "saveHtml": false,
        "saveJson": true,
        "consoleReporter": "spec",
        "useInlineDiffs": false,
        "code": true
      },
      "version": "7.1.3"
    },
    "marge": {
      "options": {
        "reportDir": "cypress/results",
        "overwrite": false,
        "html": false,
        "json": true,
        "video": false,
        "reportFilename": "partial-report",
        "exit": false
      },
      "version": "6.2.0"
    }
  }
}