{
  "stats": {
    "suites": 1,
    "tests": 24,
    "passes": 24,
    "pending": 0,
    "failures": 0,
    "start": "2023-06-13T16:10:20.469Z",
    "end": "2023-06-13T16:11:11.333Z",
    "duration": 50864,
    "testsRegistered": 24,
    "passPercent": 100,
    "pendingPercent": 0,
    "other": 0,
    "hasOther": false,
    "skipped": 0,
    "hasSkipped": false
  },
  "results": [
    {
      "uuid": "9d520479-1a0c-4183-a39d-df31c1cbdcc6",
      "title": "",
      "fullFile": "cypress\\e2e\\monitor-energyportals.cy.ts",
      "file": "cypress\\e2e\\monitor-energyportals.cy.ts",
      "beforeHooks": [],
      "afterHooks": [],
      "tests": [],
      "suites": [
        {
          "uuid": "2b59d0a6-19c8-4299-b64e-62072c6c6c40",
          "title": "Tests all the unarchived energy portals",
          "fullFile": "",
          "file": "",
          "beforeHooks": [],
          "afterHooks": [],
          "tests": [
            {
              "title": "opens energy portal \"oensingen\" in de-CH",
              "fullTitle": "Tests all the unarchived energy portals opens energy portal \"oensingen\" in de-CH",
              "timedOut": null,
              "duration": 3661,
              "state": "passed",
              "speed": "fast",
              "pass": true,
              "fail": false,
              "pending": false,
              "context": null,
              "code": "var url = \"https://energieportal.energyapps.ch/ep/\".concat(item.slug, \"?lng=\").concat(language);\nconsole.log(\"Testing Energyportal \".concat(url));\ncy.visit(url);\ncy.get(\"body\").should(\"exist\");\ncy.get(\"#sep-map\").should(\"exist\");\ncy.get(\"#sep-core\").should(\"exist\");\ncy.get(\"#object-address-autocomplete\").should(\"exist\");\ncy.get(\"#sep-contact-form\").should(\"exist\");",
              "err": {},
              "uuid": "2315e57d-9bdf-4c1c-88cd-b5efbb15ccea",
              "parentUUID": "2b59d0a6-19c8-4299-b64e-62072c6c6c40",
              "isHook": false,
              "skipped": false
            },
            {
              "title": "opens energy portal \"oensingen\" in fr-CH",
              "fullTitle": "Tests all the unarchived energy portals opens energy portal \"oensingen\" in fr-CH",
              "timedOut": null,
              "duration": 2097,
              "state": "passed",
              "speed": "fast",
              "pass": true,
              "fail": false,
              "pending": false,
              "context": null,
              "code": "var url = \"https://energieportal.energyapps.ch/ep/\".concat(item.slug, \"?lng=\").concat(language);\nconsole.log(\"Testing Energyportal \".concat(url));\ncy.visit(url);\ncy.get(\"body\").should(\"exist\");\ncy.get(\"#sep-map\").should(\"exist\");\ncy.get(\"#sep-core\").should(\"exist\");\ncy.get(\"#object-address-autocomplete\").should(\"exist\");\ncy.get(\"#sep-contact-form\").should(\"exist\");",
              "err": {},
              "uuid": "726e4354-12d3-448e-82a0-20f740d165a1",
              "parentUUID": "2b59d0a6-19c8-4299-b64e-62072c6c6c40",
              "isHook": false,
              "skipped": false
            },
            {
              "title": "opens energy portal \"oensingen\" in it-CH",
              "fullTitle": "Tests all the unarchived energy portals opens energy portal \"oensingen\" in it-CH",
              "timedOut": null,
              "duration": 1918,
              "state": "passed",
              "speed": "fast",
              "pass": true,
              "fail": false,
              "pending": false,
              "context": null,
              "code": "var url = \"https://energieportal.energyapps.ch/ep/\".concat(item.slug, \"?lng=\").concat(language);\nconsole.log(\"Testing Energyportal \".concat(url));\ncy.visit(url);\ncy.get(\"body\").should(\"exist\");\ncy.get(\"#sep-map\").should(\"exist\");\ncy.get(\"#sep-core\").should(\"exist\");\ncy.get(\"#object-address-autocomplete\").should(\"exist\");\ncy.get(\"#sep-contact-form\").should(\"exist\");",
              "err": {},
              "uuid": "8215ff7f-c526-4edf-bde5-7c4432c6e736",
              "parentUUID": "2b59d0a6-19c8-4299-b64e-62072c6c6c40",
              "isHook": false,
              "skipped": false
            },
            {
              "title": "opens energy portal \"hautesorne\" in de-CH",
              "fullTitle": "Tests all the unarchived energy portals opens energy portal \"hautesorne\" in de-CH",
              "timedOut": null,
              "duration": 1444,
              "state": "passed",
              "speed": "fast",
              "pass": true,
              "fail": false,
              "pending": false,
              "context": null,
              "code": "var url = \"https://energieportal.energyapps.ch/ep/\".concat(item.slug, \"?lng=\").concat(language);\nconsole.log(\"Testing Energyportal \".concat(url));\ncy.visit(url);\ncy.get(\"body\").should(\"exist\");\ncy.get(\"#sep-map\").should(\"exist\");\ncy.get(\"#sep-core\").should(\"exist\");\ncy.get(\"#object-address-autocomplete\").should(\"exist\");\ncy.get(\"#sep-contact-form\").should(\"exist\");",
              "err": {},
              "uuid": "d5eb9807-9aea-4698-9e96-6a24a49d077d",
              "parentUUID": "2b59d0a6-19c8-4299-b64e-62072c6c6c40",
              "isHook": false,
              "skipped": false
            },
            {
              "title": "opens energy portal \"hautesorne\" in fr-CH",
              "fullTitle": "Tests all the unarchived energy portals opens energy portal \"hautesorne\" in fr-CH",
              "timedOut": null,
              "duration": 1883,
              "state": "passed",
              "speed": "fast",
              "pass": true,
              "fail": false,
              "pending": false,
              "context": null,
              "code": "var url = \"https://energieportal.energyapps.ch/ep/\".concat(item.slug, \"?lng=\").concat(language);\nconsole.log(\"Testing Energyportal \".concat(url));\ncy.visit(url);\ncy.get(\"body\").should(\"exist\");\ncy.get(\"#sep-map\").should(\"exist\");\ncy.get(\"#sep-core\").should(\"exist\");\ncy.get(\"#object-address-autocomplete\").should(\"exist\");\ncy.get(\"#sep-contact-form\").should(\"exist\");",
              "err": {},
              "uuid": "954a3de2-b487-4791-8238-a514320a53e7",
              "parentUUID": "2b59d0a6-19c8-4299-b64e-62072c6c6c40",
              "isHook": false,
              "skipped": false
            },
            {
              "title": "opens energy portal \"hautesorne\" in it-CH",
              "fullTitle": "Tests all the unarchived energy portals opens energy portal \"hautesorne\" in it-CH",
              "timedOut": null,
              "duration": 1745,
              "state": "passed",
              "speed": "fast",
              "pass": true,
              "fail": false,
              "pending": false,
              "context": null,
              "code": "var url = \"https://energieportal.energyapps.ch/ep/\".concat(item.slug, \"?lng=\").concat(language);\nconsole.log(\"Testing Energyportal \".concat(url));\ncy.visit(url);\ncy.get(\"body\").should(\"exist\");\ncy.get(\"#sep-map\").should(\"exist\");\ncy.get(\"#sep-core\").should(\"exist\");\ncy.get(\"#object-address-autocomplete\").should(\"exist\");\ncy.get(\"#sep-contact-form\").should(\"exist\");",
              "err": {},
              "uuid": "596e3115-a1da-4796-82c4-3ddaa01ee9f7",
              "parentUUID": "2b59d0a6-19c8-4299-b64e-62072c6c6c40",
              "isHook": false,
              "skipped": false
            },
            {
              "title": "opens energy portal \"bernex\" in de-CH",
              "fullTitle": "Tests all the unarchived energy portals opens energy portal \"bernex\" in de-CH",
              "timedOut": null,
              "duration": 1998,
              "state": "passed",
              "speed": "fast",
              "pass": true,
              "fail": false,
              "pending": false,
              "context": null,
              "code": "var url = \"https://energieportal.energyapps.ch/ep/\".concat(item.slug, \"?lng=\").concat(language);\nconsole.log(\"Testing Energyportal \".concat(url));\ncy.visit(url);\ncy.get(\"body\").should(\"exist\");\ncy.get(\"#sep-map\").should(\"exist\");\ncy.get(\"#sep-core\").should(\"exist\");\ncy.get(\"#object-address-autocomplete\").should(\"exist\");\ncy.get(\"#sep-contact-form\").should(\"exist\");",
              "err": {},
              "uuid": "fbd47327-c23f-4607-b274-4c4198e4669d",
              "parentUUID": "2b59d0a6-19c8-4299-b64e-62072c6c6c40",
              "isHook": false,
              "skipped": false
            },
            {
              "title": "opens energy portal \"bernex\" in fr-CH",
              "fullTitle": "Tests all the unarchived energy portals opens energy portal \"bernex\" in fr-CH",
              "timedOut": null,
              "duration": 1788,
              "state": "passed",
              "speed": "fast",
              "pass": true,
              "fail": false,
              "pending": false,
              "context": null,
              "code": "var url = \"https://energieportal.energyapps.ch/ep/\".concat(item.slug, \"?lng=\").concat(language);\nconsole.log(\"Testing Energyportal \".concat(url));\ncy.visit(url);\ncy.get(\"body\").should(\"exist\");\ncy.get(\"#sep-map\").should(\"exist\");\ncy.get(\"#sep-core\").should(\"exist\");\ncy.get(\"#object-address-autocomplete\").should(\"exist\");\ncy.get(\"#sep-contact-form\").should(\"exist\");",
              "err": {},
              "uuid": "0f072be9-2856-41cf-9341-ce5c1b937c86",
              "parentUUID": "2b59d0a6-19c8-4299-b64e-62072c6c6c40",
              "isHook": false,
              "skipped": false
            },
            {
              "title": "opens energy portal \"bernex\" in it-CH",
              "fullTitle": "Tests all the unarchived energy portals opens energy portal \"bernex\" in it-CH",
              "timedOut": null,
              "duration": 2270,
              "state": "passed",
              "speed": "fast",
              "pass": true,
              "fail": false,
              "pending": false,
              "context": null,
              "code": "var url = \"https://energieportal.energyapps.ch/ep/\".concat(item.slug, \"?lng=\").concat(language);\nconsole.log(\"Testing Energyportal \".concat(url));\ncy.visit(url);\ncy.get(\"body\").should(\"exist\");\ncy.get(\"#sep-map\").should(\"exist\");\ncy.get(\"#sep-core\").should(\"exist\");\ncy.get(\"#object-address-autocomplete\").should(\"exist\");\ncy.get(\"#sep-contact-form\").should(\"exist\");",
              "err": {},
              "uuid": "f7c20fc4-7653-4a4d-8a8f-d09f4ece548c",
              "parentUUID": "2b59d0a6-19c8-4299-b64e-62072c6c6c40",
              "isHook": false,
              "skipped": false
            },
            {
              "title": "opens energy portal \"oberhofen\" in de-CH",
              "fullTitle": "Tests all the unarchived energy portals opens energy portal \"oberhofen\" in de-CH",
              "timedOut": null,
              "duration": 1646,
              "state": "passed",
              "speed": "fast",
              "pass": true,
              "fail": false,
              "pending": false,
              "context": null,
              "code": "var url = \"https://energieportal.energyapps.ch/ep/\".concat(item.slug, \"?lng=\").concat(language);\nconsole.log(\"Testing Energyportal \".concat(url));\ncy.visit(url);\ncy.get(\"body\").should(\"exist\");\ncy.get(\"#sep-map\").should(\"exist\");\ncy.get(\"#sep-core\").should(\"exist\");\ncy.get(\"#object-address-autocomplete\").should(\"exist\");\ncy.get(\"#sep-contact-form\").should(\"exist\");",
              "err": {},
              "uuid": "43e6d8ba-c74f-45ae-844c-1f09b8fccf01",
              "parentUUID": "2b59d0a6-19c8-4299-b64e-62072c6c6c40",
              "isHook": false,
              "skipped": false
            },
            {
              "title": "opens energy portal \"oberhofen\" in fr-CH",
              "fullTitle": "Tests all the unarchived energy portals opens energy portal \"oberhofen\" in fr-CH",
              "timedOut": null,
              "duration": 1862,
              "state": "passed",
              "speed": "fast",
              "pass": true,
              "fail": false,
              "pending": false,
              "context": null,
              "code": "var url = \"https://energieportal.energyapps.ch/ep/\".concat(item.slug, \"?lng=\").concat(language);\nconsole.log(\"Testing Energyportal \".concat(url));\ncy.visit(url);\ncy.get(\"body\").should(\"exist\");\ncy.get(\"#sep-map\").should(\"exist\");\ncy.get(\"#sep-core\").should(\"exist\");\ncy.get(\"#object-address-autocomplete\").should(\"exist\");\ncy.get(\"#sep-contact-form\").should(\"exist\");",
              "err": {},
              "uuid": "24dc8ae2-b7bf-43fe-8548-677d51963b03",
              "parentUUID": "2b59d0a6-19c8-4299-b64e-62072c6c6c40",
              "isHook": false,
              "skipped": false
            },
            {
              "title": "opens energy portal \"oberhofen\" in it-CH",
              "fullTitle": "Tests all the unarchived energy portals opens energy portal \"oberhofen\" in it-CH",
              "timedOut": null,
              "duration": 2062,
              "state": "passed",
              "speed": "fast",
              "pass": true,
              "fail": false,
              "pending": false,
              "context": null,
              "code": "var url = \"https://energieportal.energyapps.ch/ep/\".concat(item.slug, \"?lng=\").concat(language);\nconsole.log(\"Testing Energyportal \".concat(url));\ncy.visit(url);\ncy.get(\"body\").should(\"exist\");\ncy.get(\"#sep-map\").should(\"exist\");\ncy.get(\"#sep-core\").should(\"exist\");\ncy.get(\"#object-address-autocomplete\").should(\"exist\");\ncy.get(\"#sep-contact-form\").should(\"exist\");",
              "err": {},
              "uuid": "851cad1f-a4ad-4032-85f6-fbf399689443",
              "parentUUID": "2b59d0a6-19c8-4299-b64e-62072c6c6c40",
              "isHook": false,
              "skipped": false
            },
            {
              "title": "opens energy portal \"evilard\" in de-CH",
              "fullTitle": "Tests all the unarchived energy portals opens energy portal \"evilard\" in de-CH",
              "timedOut": null,
              "duration": 1980,
              "state": "passed",
              "speed": "fast",
              "pass": true,
              "fail": false,
              "pending": false,
              "context": null,
              "code": "var url = \"https://energieportal.energyapps.ch/ep/\".concat(item.slug, \"?lng=\").concat(language);\nconsole.log(\"Testing Energyportal \".concat(url));\ncy.visit(url);\ncy.get(\"body\").should(\"exist\");\ncy.get(\"#sep-map\").should(\"exist\");\ncy.get(\"#sep-core\").should(\"exist\");\ncy.get(\"#object-address-autocomplete\").should(\"exist\");\ncy.get(\"#sep-contact-form\").should(\"exist\");",
              "err": {},
              "uuid": "a273c290-ab84-4a69-aa9d-088e1aa90bee",
              "parentUUID": "2b59d0a6-19c8-4299-b64e-62072c6c6c40",
              "isHook": false,
              "skipped": false
            },
            {
              "title": "opens energy portal \"evilard\" in fr-CH",
              "fullTitle": "Tests all the unarchived energy portals opens energy portal \"evilard\" in fr-CH",
              "timedOut": null,
              "duration": 2063,
              "state": "passed",
              "speed": "fast",
              "pass": true,
              "fail": false,
              "pending": false,
              "context": null,
              "code": "var url = \"https://energieportal.energyapps.ch/ep/\".concat(item.slug, \"?lng=\").concat(language);\nconsole.log(\"Testing Energyportal \".concat(url));\ncy.visit(url);\ncy.get(\"body\").should(\"exist\");\ncy.get(\"#sep-map\").should(\"exist\");\ncy.get(\"#sep-core\").should(\"exist\");\ncy.get(\"#object-address-autocomplete\").should(\"exist\");\ncy.get(\"#sep-contact-form\").should(\"exist\");",
              "err": {},
              "uuid": "669bf35d-dfb8-438d-a613-efe0a2f3a10d",
              "parentUUID": "2b59d0a6-19c8-4299-b64e-62072c6c6c40",
              "isHook": false,
              "skipped": false
            },
            {
              "title": "opens energy portal \"evilard\" in it-CH",
              "fullTitle": "Tests all the unarchived energy portals opens energy portal \"evilard\" in it-CH",
              "timedOut": null,
              "duration": 1834,
              "state": "passed",
              "speed": "fast",
              "pass": true,
              "fail": false,
              "pending": false,
              "context": null,
              "code": "var url = \"https://energieportal.energyapps.ch/ep/\".concat(item.slug, \"?lng=\").concat(language);\nconsole.log(\"Testing Energyportal \".concat(url));\ncy.visit(url);\ncy.get(\"body\").should(\"exist\");\ncy.get(\"#sep-map\").should(\"exist\");\ncy.get(\"#sep-core\").should(\"exist\");\ncy.get(\"#object-address-autocomplete\").should(\"exist\");\ncy.get(\"#sep-contact-form\").should(\"exist\");",
              "err": {},
              "uuid": "55a56243-e15e-4ac7-b33d-75a2f8a95cd8",
              "parentUUID": "2b59d0a6-19c8-4299-b64e-62072c6c6c40",
              "isHook": false,
              "skipped": false
            },
            {
              "title": "opens energy portal \"default\" in de-CH",
              "fullTitle": "Tests all the unarchived energy portals opens energy portal \"default\" in de-CH",
              "timedOut": null,
              "duration": 2043,
              "state": "passed",
              "speed": "fast",
              "pass": true,
              "fail": false,
              "pending": false,
              "context": null,
              "code": "var url = \"https://energieportal.energyapps.ch/ep/\".concat(item.slug, \"?lng=\").concat(language);\nconsole.log(\"Testing Energyportal \".concat(url));\ncy.visit(url);\ncy.get(\"body\").should(\"exist\");\ncy.get(\"#sep-map\").should(\"exist\");\ncy.get(\"#sep-core\").should(\"exist\");\ncy.get(\"#object-address-autocomplete\").should(\"exist\");\ncy.get(\"#sep-contact-form\").should(\"exist\");",
              "err": {},
              "uuid": "9bd93310-e186-4184-aa8f-dcd3db6d412a",
              "parentUUID": "2b59d0a6-19c8-4299-b64e-62072c6c6c40",
              "isHook": false,
              "skipped": false
            },
            {
              "title": "opens energy portal \"default\" in fr-CH",
              "fullTitle": "Tests all the unarchived energy portals opens energy portal \"default\" in fr-CH",
              "timedOut": null,
              "duration": 1721,
              "state": "passed",
              "speed": "fast",
              "pass": true,
              "fail": false,
              "pending": false,
              "context": null,
              "code": "var url = \"https://energieportal.energyapps.ch/ep/\".concat(item.slug, \"?lng=\").concat(language);\nconsole.log(\"Testing Energyportal \".concat(url));\ncy.visit(url);\ncy.get(\"body\").should(\"exist\");\ncy.get(\"#sep-map\").should(\"exist\");\ncy.get(\"#sep-core\").should(\"exist\");\ncy.get(\"#object-address-autocomplete\").should(\"exist\");\ncy.get(\"#sep-contact-form\").should(\"exist\");",
              "err": {},
              "uuid": "63435217-240b-40c1-9a6f-fe866e0586cb",
              "parentUUID": "2b59d0a6-19c8-4299-b64e-62072c6c6c40",
              "isHook": false,
              "skipped": false
            },
            {
              "title": "opens energy portal \"default\" in it-CH",
              "fullTitle": "Tests all the unarchived energy portals opens energy portal \"default\" in it-CH",
              "timedOut": null,
              "duration": 2534,
              "state": "passed",
              "speed": "fast",
              "pass": true,
              "fail": false,
              "pending": false,
              "context": null,
              "code": "var url = \"https://energieportal.energyapps.ch/ep/\".concat(item.slug, \"?lng=\").concat(language);\nconsole.log(\"Testing Energyportal \".concat(url));\ncy.visit(url);\ncy.get(\"body\").should(\"exist\");\ncy.get(\"#sep-map\").should(\"exist\");\ncy.get(\"#sep-core\").should(\"exist\");\ncy.get(\"#object-address-autocomplete\").should(\"exist\");\ncy.get(\"#sep-contact-form\").should(\"exist\");",
              "err": {},
              "uuid": "4a905c60-b024-47a0-9d66-3d22ee6337b9",
              "parentUUID": "2b59d0a6-19c8-4299-b64e-62072c6c6c40",
              "isHook": false,
              "skipped": false
            },
            {
              "title": "opens energy portal \"bruegg\" in de-CH",
              "fullTitle": "Tests all the unarchived energy portals opens energy portal \"bruegg\" in de-CH",
              "timedOut": null,
              "duration": 1729,
              "state": "passed",
              "speed": "fast",
              "pass": true,
              "fail": false,
              "pending": false,
              "context": null,
              "code": "var url = \"https://energieportal.energyapps.ch/ep/\".concat(item.slug, \"?lng=\").concat(language);\nconsole.log(\"Testing Energyportal \".concat(url));\ncy.visit(url);\ncy.get(\"body\").should(\"exist\");\ncy.get(\"#sep-map\").should(\"exist\");\ncy.get(\"#sep-core\").should(\"exist\");\ncy.get(\"#object-address-autocomplete\").should(\"exist\");\ncy.get(\"#sep-contact-form\").should(\"exist\");",
              "err": {},
              "uuid": "ae4d91fe-a6c7-4e09-894e-be51325f3b20",
              "parentUUID": "2b59d0a6-19c8-4299-b64e-62072c6c6c40",
              "isHook": false,
              "skipped": false
            },
            {
              "title": "opens energy portal \"bruegg\" in fr-CH",
              "fullTitle": "Tests all the unarchived energy portals opens energy portal \"bruegg\" in fr-CH",
              "timedOut": null,
              "duration": 1692,
              "state": "passed",
              "speed": "fast",
              "pass": true,
              "fail": false,
              "pending": false,
              "context": null,
              "code": "var url = \"https://energieportal.energyapps.ch/ep/\".concat(item.slug, \"?lng=\").concat(language);\nconsole.log(\"Testing Energyportal \".concat(url));\ncy.visit(url);\ncy.get(\"body\").should(\"exist\");\ncy.get(\"#sep-map\").should(\"exist\");\ncy.get(\"#sep-core\").should(\"exist\");\ncy.get(\"#object-address-autocomplete\").should(\"exist\");\ncy.get(\"#sep-contact-form\").should(\"exist\");",
              "err": {},
              "uuid": "3fcd72de-f514-4339-bd07-b67580a18d51",
              "parentUUID": "2b59d0a6-19c8-4299-b64e-62072c6c6c40",
              "isHook": false,
              "skipped": false
            },
            {
              "title": "opens energy portal \"bruegg\" in it-CH",
              "fullTitle": "Tests all the unarchived energy portals opens energy portal \"bruegg\" in it-CH",
              "timedOut": null,
              "duration": 2020,
              "state": "passed",
              "speed": "fast",
              "pass": true,
              "fail": false,
              "pending": false,
              "context": null,
              "code": "var url = \"https://energieportal.energyapps.ch/ep/\".concat(item.slug, \"?lng=\").concat(language);\nconsole.log(\"Testing Energyportal \".concat(url));\ncy.visit(url);\ncy.get(\"body\").should(\"exist\");\ncy.get(\"#sep-map\").should(\"exist\");\ncy.get(\"#sep-core\").should(\"exist\");\ncy.get(\"#object-address-autocomplete\").should(\"exist\");\ncy.get(\"#sep-contact-form\").should(\"exist\");",
              "err": {},
              "uuid": "f8f84c48-caee-4723-b3cb-de840d0d8f85",
              "parentUUID": "2b59d0a6-19c8-4299-b64e-62072c6c6c40",
              "isHook": false,
              "skipped": false
            },
            {
              "title": "opens energy portal \"kloten\" in de-CH",
              "fullTitle": "Tests all the unarchived energy portals opens energy portal \"kloten\" in de-CH",
              "timedOut": null,
              "duration": 1620,
              "state": "passed",
              "speed": "fast",
              "pass": true,
              "fail": false,
              "pending": false,
              "context": null,
              "code": "var url = \"https://energieportal.energyapps.ch/ep/\".concat(item.slug, \"?lng=\").concat(language);\nconsole.log(\"Testing Energyportal \".concat(url));\ncy.visit(url);\ncy.get(\"body\").should(\"exist\");\ncy.get(\"#sep-map\").should(\"exist\");\ncy.get(\"#sep-core\").should(\"exist\");\ncy.get(\"#object-address-autocomplete\").should(\"exist\");\ncy.get(\"#sep-contact-form\").should(\"exist\");",
              "err": {},
              "uuid": "01dca44f-041d-4e73-9ca9-69a9d664533e",
              "parentUUID": "2b59d0a6-19c8-4299-b64e-62072c6c6c40",
              "isHook": false,
              "skipped": false
            },
            {
              "title": "opens energy portal \"kloten\" in fr-CH",
              "fullTitle": "Tests all the unarchived energy portals opens energy portal \"kloten\" in fr-CH",
              "timedOut": null,
              "duration": 2219,
              "state": "passed",
              "speed": "fast",
              "pass": true,
              "fail": false,
              "pending": false,
              "context": null,
              "code": "var url = \"https://energieportal.energyapps.ch/ep/\".concat(item.slug, \"?lng=\").concat(language);\nconsole.log(\"Testing Energyportal \".concat(url));\ncy.visit(url);\ncy.get(\"body\").should(\"exist\");\ncy.get(\"#sep-map\").should(\"exist\");\ncy.get(\"#sep-core\").should(\"exist\");\ncy.get(\"#object-address-autocomplete\").should(\"exist\");\ncy.get(\"#sep-contact-form\").should(\"exist\");",
              "err": {},
              "uuid": "283bb222-d730-454d-95cb-8bfed21a94d1",
              "parentUUID": "2b59d0a6-19c8-4299-b64e-62072c6c6c40",
              "isHook": false,
              "skipped": false
            },
            {
              "title": "opens energy portal \"kloten\" in it-CH",
              "fullTitle": "Tests all the unarchived energy portals opens energy portal \"kloten\" in it-CH",
              "timedOut": null,
              "duration": 2642,
              "state": "passed",
              "speed": "fast",
              "pass": true,
              "fail": false,
              "pending": false,
              "context": null,
              "code": "var url = \"https://energieportal.energyapps.ch/ep/\".concat(item.slug, \"?lng=\").concat(language);\nconsole.log(\"Testing Energyportal \".concat(url));\ncy.visit(url);\ncy.get(\"body\").should(\"exist\");\ncy.get(\"#sep-map\").should(\"exist\");\ncy.get(\"#sep-core\").should(\"exist\");\ncy.get(\"#object-address-autocomplete\").should(\"exist\");\ncy.get(\"#sep-contact-form\").should(\"exist\");",
              "err": {},
              "uuid": "31136467-466a-46e8-80f6-10cd9cad7eb7",
              "parentUUID": "2b59d0a6-19c8-4299-b64e-62072c6c6c40",
              "isHook": false,
              "skipped": false
            }
          ],
          "suites": [],
          "passes": [
            "2315e57d-9bdf-4c1c-88cd-b5efbb15ccea",
            "726e4354-12d3-448e-82a0-20f740d165a1",
            "8215ff7f-c526-4edf-bde5-7c4432c6e736",
            "d5eb9807-9aea-4698-9e96-6a24a49d077d",
            "954a3de2-b487-4791-8238-a514320a53e7",
            "596e3115-a1da-4796-82c4-3ddaa01ee9f7",
            "fbd47327-c23f-4607-b274-4c4198e4669d",
            "0f072be9-2856-41cf-9341-ce5c1b937c86",
            "f7c20fc4-7653-4a4d-8a8f-d09f4ece548c",
            "43e6d8ba-c74f-45ae-844c-1f09b8fccf01",
            "24dc8ae2-b7bf-43fe-8548-677d51963b03",
            "851cad1f-a4ad-4032-85f6-fbf399689443",
            "a273c290-ab84-4a69-aa9d-088e1aa90bee",
            "669bf35d-dfb8-438d-a613-efe0a2f3a10d",
            "55a56243-e15e-4ac7-b33d-75a2f8a95cd8",
            "9bd93310-e186-4184-aa8f-dcd3db6d412a",
            "63435217-240b-40c1-9a6f-fe866e0586cb",
            "4a905c60-b024-47a0-9d66-3d22ee6337b9",
            "ae4d91fe-a6c7-4e09-894e-be51325f3b20",
            "3fcd72de-f514-4339-bd07-b67580a18d51",
            "f8f84c48-caee-4723-b3cb-de840d0d8f85",
            "01dca44f-041d-4e73-9ca9-69a9d664533e",
            "283bb222-d730-454d-95cb-8bfed21a94d1",
            "31136467-466a-46e8-80f6-10cd9cad7eb7"
          ],
          "failures": [],
          "pending": [],
          "skipped": [],
          "duration": 48471,
          "root": false,
          "rootEmpty": false,
          "_timeout": 2000
        }
      ],
      "passes": [],
      "failures": [],
      "pending": [],
      "skipped": [],
      "duration": 0,
      "root": true,
      "rootEmpty": true,
      "_timeout": 2000
    }
  ],
  "meta": {
    "mocha": {
      "version": "7.0.1"
    },
    "mochawesome": {
      "options": {
        "quiet": false,
        "reportFilename": "partial-report",
        "saveHtml": false,
        "saveJson": true,
        "consoleReporter": "spec",
        "useInlineDiffs": false,
        "code": true
      },
      "version": "7.1.3"
    },
    "marge": {
      "options": {
        "reportDir": "cypress/results",
        "overwrite": false,
        "html": false,
        "json": true,
        "video": false,
        "reportFilename": "partial-report",
        "exit": false
      },
      "version": "6.2.0"
    }
  }
}